2022-10-05 09:38:13.348 +05:00 [INF] User profile is available. Using 'C:\Users\YasirIrfan\AppData\Local\ASP.NET\DataProtection-Keys' as key repository and Windows DPAPI to encrypt keys at rest.
2022-10-05 09:38:15.735 +05:00 [WRN] No store type was specified for the decimal property 'Price' on entity type 'PlantMaterial'. This will cause values to be silently truncated if they do not fit in the default precision and scale. Explicitly specify the SQL server column type that can accommodate all the values in 'OnModelCreating' using 'HasColumnType', specify precision and scale using 'HasPrecision', or configure a value converter using 'HasConversion'.
2022-10-05 09:38:16.066 +05:00 [INF] Entity Framework Core 6.0.9 initialized 'ApplicationDbContext' using provider 'Microsoft.EntityFrameworkCore.SqlServer:6.0.9' with options: QuerySplittingBehavior=SplitQuery 
2022-10-05 09:38:17.680 +05:00 [INF] Executed DbCommand (73ms) [Parameters=[], CommandType='"Text"', CommandTimeout='30']
SELECT 1
2022-10-05 09:38:17.763 +05:00 [INF] Executed DbCommand (35ms) [Parameters=[], CommandType='"Text"', CommandTimeout='30']
SELECT OBJECT_ID(N'[__EFMigrationsHistory]');
2022-10-05 09:38:17.798 +05:00 [INF] Executed DbCommand (8ms) [Parameters=[], CommandType='"Text"', CommandTimeout='30']
SELECT [MigrationId], [ProductVersion]
FROM [__EFMigrationsHistory]
ORDER BY [MigrationId];
2022-10-05 09:38:17.826 +05:00 [INF] Entity Framework Core 6.0.9 initialized 'ApplicationDbContext' using provider 'Microsoft.EntityFrameworkCore.SqlServer:6.0.9' with options: QuerySplittingBehavior=SplitQuery 
2022-10-05 09:38:18.700 +05:00 [INF] Executed DbCommand (91ms) [Parameters=[@__normalizedName_0='?' (Size = 256)], CommandType='"Text"', CommandTimeout='30']
SELECT TOP(1) [a].[Id], [a].[ConcurrencyStamp], [a].[Name], [a].[NormalizedName]
FROM [AspNetRoles] AS [a]
WHERE [a].[NormalizedName] = @__normalizedName_0
2022-10-05 09:38:18.868 +05:00 [INF] Executed DbCommand (3ms) [Parameters=[@__normalizedName_0='?' (Size = 256)], CommandType='"Text"', CommandTimeout='30']
SELECT TOP(1) [a].[Id], [a].[ConcurrencyStamp], [a].[Name], [a].[NormalizedName]
FROM [AspNetRoles] AS [a]
WHERE [a].[NormalizedName] = @__normalizedName_0
2022-10-05 09:38:18.903 +05:00 [INF] Executed DbCommand (6ms) [Parameters=[@__normalizedEmail_0='?' (Size = 256)], CommandType='"Text"', CommandTimeout='30']
SELECT TOP(2) [a].[Id], [a].[AccessFailedCount], [a].[ConcurrencyStamp], [a].[Email], [a].[EmailConfirmed], [a].[FirstName], [a].[LastName], [a].[LockoutEnabled], [a].[LockoutEnd], [a].[NormalizedEmail], [a].[NormalizedUserName], [a].[PasswordHash], [a].[PhoneNumber], [a].[PhoneNumberConfirmed], [a].[SecurityStamp], [a].[TwoFactorEnabled], [a].[UserName]
FROM [AspNetUsers] AS [a]
WHERE [a].[NormalizedEmail] = @__normalizedEmail_0
2022-10-05 09:38:18.983 +05:00 [INF] Executed DbCommand (1ms) [Parameters=[@__normalizedEmail_0='?' (Size = 256)], CommandType='"Text"', CommandTimeout='30']
SELECT TOP(2) [a].[Id], [a].[AccessFailedCount], [a].[ConcurrencyStamp], [a].[Email], [a].[EmailConfirmed], [a].[FirstName], [a].[LastName], [a].[LockoutEnabled], [a].[LockoutEnd], [a].[NormalizedEmail], [a].[NormalizedUserName], [a].[PasswordHash], [a].[PhoneNumber], [a].[PhoneNumberConfirmed], [a].[SecurityStamp], [a].[TwoFactorEnabled], [a].[UserName]
FROM [AspNetUsers] AS [a]
WHERE [a].[NormalizedEmail] = @__normalizedEmail_0
2022-10-05 09:38:19.055 +05:00 [INF] Entity Framework Core 6.0.9 initialized 'ApplicationDbContext' using provider 'Microsoft.EntityFrameworkCore.SqlServer:6.0.9' with options: QuerySplittingBehavior=SplitQuery 
2022-10-05 09:38:19.083 +05:00 [INF] Executed DbCommand (3ms) [Parameters=[], CommandType='"Text"', CommandTimeout='30']
SELECT [a].[Id], [a].[Category], [a].[Code], [a].[CommonName], [a].[ImportedOn], [a].[LatinName]
FROM [AllPlants] AS [a]
2022-10-05 09:38:19.444 +05:00 [INF] Executed DbCommand (71ms) [Parameters=[@p0='?' (Size = 4000), @p1='?' (Size = 4000), @p2='?' (Size = 4000), @p3='?' (DbType = DateTime2), @p4='?' (Size = 4000), @p5='?' (Size = 4000), @p6='?' (Size = 4000), @p7='?' (Size = 4000), @p8='?' (DbType = DateTime2), @p9='?' (Size = 4000), @p10='?' (Size = 4000), @p11='?' (Size = 4000), @p12='?' (Size = 4000), @p13='?' (DbType = DateTime2), @p14='?' (Size = 4000), @p15='?' (Size = 4000), @p16='?' (Size = 4000), @p17='?' (Size = 4000), @p18='?' (DbType = DateTime2), @p19='?' (Size = 4000), @p20='?' (Size = 4000), @p21='?' (Size = 4000), @p22='?' (Size = 4000), @p23='?' (DbType = DateTime2), @p24='?' (Size = 4000), @p25='?' (Size = 4000), @p26='?' (Size = 4000), @p27='?' (Size = 4000), @p28='?' (DbType = DateTime2), @p29='?' (Size = 4000), @p30='?' (Size = 4000), @p31='?' (Size = 4000), @p32='?' (Size = 4000), @p33='?' (DbType = DateTime2), @p34='?' (Size = 4000), @p35='?' (Size = 4000), @p36='?' (Size = 4000), @p37='?' (Size = 4000), @p38='?' (DbType = DateTime2), @p39='?' (Size = 4000)], CommandType='"Text"', CommandTimeout='30']
SET NOCOUNT ON;
DECLARE @inserted0 TABLE ([Id] int, [_Position] [int]);
MERGE [AllPlants] USING (
VALUES (@p0, @p1, @p2, @p3, @p4, 0),
(@p5, @p6, @p7, @p8, @p9, 1),
(@p10, @p11, @p12, @p13, @p14, 2),
(@p15, @p16, @p17, @p18, @p19, 3),
(@p20, @p21, @p22, @p23, @p24, 4),
(@p25, @p26, @p27, @p28, @p29, 5),
(@p30, @p31, @p32, @p33, @p34, 6),
(@p35, @p36, @p37, @p38, @p39, 7)) AS i ([Category], [Code], [CommonName], [ImportedOn], [LatinName], _Position) ON 1=0
WHEN NOT MATCHED THEN
INSERT ([Category], [Code], [CommonName], [ImportedOn], [LatinName])
VALUES (i.[Category], i.[Code], i.[CommonName], i.[ImportedOn], i.[LatinName])
OUTPUT INSERTED.[Id], i._Position
INTO @inserted0;

SELECT [i].[Id] FROM @inserted0 i
ORDER BY [i].[_Position];
2022-10-05 09:38:19.773 +05:00 [INF] Now listening on: https://localhost:7154
2022-10-05 09:38:19.803 +05:00 [INF] Now listening on: http://localhost:5204
2022-10-05 09:38:19.811 +05:00 [INF] Application started. Press Ctrl+C to shut down.
2022-10-05 09:38:19.814 +05:00 [INF] Hosting environment: Development
2022-10-05 09:38:19.817 +05:00 [INF] Content root path: C:\Users\YasirIrfan\source\repos\proposal-management\FunFox.PortalSystem\
2022-10-05 09:38:21.163 +05:00 [INF] Request starting HTTP/2 GET https://localhost:7154/ - -
2022-10-05 09:38:21.312 +05:00 [INF] Entity Framework Core 6.0.9 initialized 'ApplicationDbContext' using provider 'Microsoft.EntityFrameworkCore.SqlServer:6.0.9' with options: QuerySplittingBehavior=SplitQuery 
2022-10-05 09:38:21.372 +05:00 [INF] Executed DbCommand (6ms) [Parameters=[@__p_0='?' (Size = 450)], CommandType='"Text"', CommandTimeout='30']
SELECT TOP(1) [a].[Id], [a].[AccessFailedCount], [a].[ConcurrencyStamp], [a].[Email], [a].[EmailConfirmed], [a].[FirstName], [a].[LastName], [a].[LockoutEnabled], [a].[LockoutEnd], [a].[NormalizedEmail], [a].[NormalizedUserName], [a].[PasswordHash], [a].[PhoneNumber], [a].[PhoneNumberConfirmed], [a].[SecurityStamp], [a].[TwoFactorEnabled], [a].[UserName]
FROM [AspNetUsers] AS [a]
WHERE [a].[Id] = @__p_0
2022-10-05 09:38:21.496 +05:00 [INF] Executed DbCommand (4ms) [Parameters=[@__user_Id_0='?' (Size = 450)], CommandType='"Text"', CommandTimeout='30']
SELECT [a].[Id], [a].[ClaimType], [a].[ClaimValue], [a].[UserId]
FROM [AspNetUserClaims] AS [a]
WHERE [a].[UserId] = @__user_Id_0
2022-10-05 09:38:21.593 +05:00 [INF] Executed DbCommand (9ms) [Parameters=[@__userId_0='?' (Size = 450)], CommandType='"Text"', CommandTimeout='30']
SELECT [a0].[Name]
FROM [AspNetUserRoles] AS [a]
INNER JOIN [AspNetRoles] AS [a0] ON [a].[RoleId] = [a0].[Id]
WHERE [a].[UserId] = @__userId_0
2022-10-05 09:38:21.605 +05:00 [INF] Executed DbCommand (1ms) [Parameters=[@__normalizedName_0='?' (Size = 256)], CommandType='"Text"', CommandTimeout='30']
SELECT TOP(1) [a].[Id], [a].[ConcurrencyStamp], [a].[Name], [a].[NormalizedName]
FROM [AspNetRoles] AS [a]
WHERE [a].[NormalizedName] = @__normalizedName_0
2022-10-05 09:38:21.626 +05:00 [INF] Executed DbCommand (3ms) [Parameters=[@__role_Id_0='?' (Size = 450)], CommandType='"Text"', CommandTimeout='30']
SELECT [a].[ClaimType], [a].[ClaimValue]
FROM [AspNetRoleClaims] AS [a]
WHERE [a].[RoleId] = @__role_Id_0
2022-10-05 09:38:21.663 +05:00 [INF] Executing endpoint 'FunFox.PortalSystem.Controllers.DashboardsController.Dashboard_1 (FunFox.PortalSystem)'
2022-10-05 09:38:21.681 +05:00 [INF] Route matched with {action = "Dashboard_1", controller = "Dashboards", page = "", area = ""}. Executing controller action with signature Microsoft.AspNetCore.Mvc.IActionResult Dashboard_1() on controller FunFox.PortalSystem.Controllers.DashboardsController (FunFox.PortalSystem).
2022-10-05 09:38:21.705 +05:00 [INF] Executing ViewResult, running view Dashboard_1.
2022-10-05 09:38:21.907 +05:00 [INF] Executed DbCommand (3ms) [Parameters=[@__normalizedUserName_0='?' (Size = 256)], CommandType='"Text"', CommandTimeout='30']
SELECT TOP(1) [a].[Id], [a].[AccessFailedCount], [a].[ConcurrencyStamp], [a].[Email], [a].[EmailConfirmed], [a].[FirstName], [a].[LastName], [a].[LockoutEnabled], [a].[LockoutEnd], [a].[NormalizedEmail], [a].[NormalizedUserName], [a].[PasswordHash], [a].[PhoneNumber], [a].[PhoneNumberConfirmed], [a].[SecurityStamp], [a].[TwoFactorEnabled], [a].[UserName]
FROM [AspNetUsers] AS [a]
WHERE [a].[NormalizedUserName] = @__normalizedUserName_0
2022-10-05 09:38:22.345 +05:00 [INF] Executed ViewResult - view Dashboard_1 executed in 644.7558ms.
2022-10-05 09:38:22.370 +05:00 [INF] Executed action FunFox.PortalSystem.Controllers.DashboardsController.Dashboard_1 (FunFox.PortalSystem) in 683.4602ms
2022-10-05 09:38:22.376 +05:00 [INF] Executed endpoint 'FunFox.PortalSystem.Controllers.DashboardsController.Dashboard_1 (FunFox.PortalSystem)'
2022-10-05 09:38:22.392 +05:00 [INF] HTTP GET / responded 200 in 1151.5975 ms
2022-10-05 09:38:22.529 +05:00 [INF] Request starting HTTP/2 GET https://localhost:7154/lib/dataTables/datatables.min.css - -
2022-10-05 09:38:22.529 +05:00 [INF] Request starting HTTP/2 GET https://localhost:7154/css/style.css?v=46ORBesdec5GfSfFrQJoJ10AldDMS3I7Pb_OsHk0e84 - -
2022-10-05 09:38:22.532 +05:00 [INF] Request starting HTTP/2 GET https://localhost:7154/css/StyleNew.css - -
2022-10-05 09:38:22.600 +05:00 [INF] Request starting HTTP/2 GET https://localhost:7154/lib/font-awesome/css/font-awesome.css - -
2022-10-05 09:38:22.623 +05:00 [INF] Request finished HTTP/2 GET https://localhost:7154/ - - - 200 - text/html;+charset=utf-8 1471.3999ms
2022-10-05 09:38:22.540 +05:00 [INF] Request starting HTTP/2 GET https://localhost:7154/lib/bootstrap/dist/css/bootstrap.css - -
2022-10-05 09:38:22.683 +05:00 [INF] Request starting HTTP/2 GET https://localhost:7154/css/animate.css - -
2022-10-05 09:38:22.700 +05:00 [INF] Sending file. Request path: '/css/StyleNew.css'. Physical path: 'C:\Users\YasirIrfan\source\repos\proposal-management\FunFox.PortalSystem\wwwroot\css\StyleNew.css'
2022-10-05 09:38:22.700 +05:00 [INF] Sending file. Request path: '/lib/font-awesome/css/font-awesome.css'. Physical path: 'C:\Users\YasirIrfan\source\repos\proposal-management\FunFox.PortalSystem\wwwroot\lib\font-awesome\css\font-awesome.css'
2022-10-05 09:38:22.700 +05:00 [INF] Sending file. Request path: '/lib/dataTables/datatables.min.css'. Physical path: 'C:\Users\YasirIrfan\source\repos\proposal-management\FunFox.PortalSystem\wwwroot\lib\dataTables\datatables.min.css'
2022-10-05 09:38:22.716 +05:00 [INF] HTTP GET /css/StyleNew.css responded 200 in 81.8497 ms
2022-10-05 09:38:22.720 +05:00 [INF] HTTP GET /lib/font-awesome/css/font-awesome.css responded 200 in 62.2249 ms
2022-10-05 09:38:22.724 +05:00 [INF] HTTP GET /lib/dataTables/datatables.min.css responded 200 in 111.8679 ms
2022-10-05 09:38:22.755 +05:00 [INF] Request starting HTTP/2 GET https://localhost:7154/lib/jquery/dist/jquery.js - -
2022-10-05 09:38:22.756 +05:00 [INF] Request starting HTTP/2 GET https://localhost:7154/lib/bootstrap/dist/js/bootstrap.bundle.min.js - -
2022-10-05 09:38:22.760 +05:00 [INF] Request starting HTTP/2 GET https://localhost:7154/lib/Popper/popper.min.js - -
2022-10-05 09:38:22.777 +05:00 [INF] Request finished HTTP/2 GET https://localhost:7154/css/StyleNew.css - - - 200 1599 text/css 245.1785ms
2022-10-05 09:38:22.794 +05:00 [INF] Request finished HTTP/2 GET https://localhost:7154/lib/dataTables/datatables.min.css - - - 200 6411 text/css 265.0735ms
2022-10-05 09:38:22.799 +05:00 [INF] Sending file. Request path: '/lib/Popper/popper.min.js'. Physical path: 'C:\Users\YasirIrfan\source\repos\proposal-management\FunFox.PortalSystem\wwwroot\lib\Popper\popper.min.js'
2022-10-05 09:38:22.803 +05:00 [INF] Request finished HTTP/2 GET https://localhost:7154/lib/font-awesome/css/font-awesome.css - - - 200 39751 text/css 203.0518ms
2022-10-05 09:38:22.807 +05:00 [INF] HTTP GET /lib/Popper/popper.min.js responded 200 in 42.1965 ms
2022-10-05 09:38:22.811 +05:00 [INF] Request starting HTTP/2 GET https://localhost:7154/lib/jquery-validation/dist/jquery.validate.min.js - -
2022-10-05 09:38:22.815 +05:00 [INF] Request finished HTTP/2 GET https://localhost:7154/lib/Popper/popper.min.js - - - 200 22821 application/javascript 54.4412ms
2022-10-05 09:38:22.822 +05:00 [INF] The file /lib/jquery-validation/dist/jquery.validate.min.js was not modified
2022-10-05 09:38:22.832 +05:00 [INF] Request starting HTTP/2 GET https://localhost:7154/lib/jquery-validation-unobtrusive/jquery.validate.unobtrusive.min.js - -
2022-10-05 09:38:22.840 +05:00 [INF] Request starting HTTP/2 GET https://localhost:7154/lib/bootstrap/dist/js/bootstrap.js - -
2022-10-05 09:38:22.843 +05:00 [INF] HTTP GET /lib/jquery-validation/dist/jquery.validate.min.js responded 304 in 21.5312 ms
2022-10-05 09:38:22.847 +05:00 [INF] The file /lib/jquery-validation-unobtrusive/jquery.validate.unobtrusive.min.js was not modified
2022-10-05 09:38:22.855 +05:00 [INF] Request starting HTTP/2 GET https://localhost:7154/lib/metisMenu/dist/jquery.metisMenu.js - -
2022-10-05 09:38:22.861 +05:00 [INF] Request starting HTTP/2 GET https://localhost:7154/lib/slimScroll/jquery.slimscroll.js - -
2022-10-05 09:38:22.866 +05:00 [INF] HTTP GET /lib/jquery-validation-unobtrusive/jquery.validate.unobtrusive.min.js responded 304 in 19.5291 ms
2022-10-05 09:38:22.880 +05:00 [INF] Request starting HTTP/2 GET https://localhost:7154/lib/pace/pace.js - -
2022-10-05 09:38:22.897 +05:00 [INF] Request starting HTTP/2 GET https://localhost:7154/js/script.js?v=ejsjEJgVpOlGCnoCig86koGMDeT97csAvW4FVvUO7Kw - -
2022-10-05 09:38:22.907 +05:00 [INF] Request starting HTTP/2 GET https://localhost:7154/js/skin.config.js - -
2022-10-05 09:38:22.913 +05:00 [INF] Request starting HTTP/2 GET https://localhost:7154/lib/dataTables/dataTables.bootstrap4.min.js - -
2022-10-05 09:38:22.913 +05:00 [INF] Request starting HTTP/2 GET https://localhost:7154/lib/dataTables/datatables.min.js - -
2022-10-05 09:38:22.924 +05:00 [INF] Request starting HTTP/2 GET https://localhost:7154/js/Layout.js - -
2022-10-05 09:38:22.925 +05:00 [INF] Request starting HTTP/2 GET https://localhost:7154/lib/flot/jquery.flot.js - -
2022-10-05 09:38:22.940 +05:00 [INF] Request starting HTTP/2 GET https://localhost:7154/lib/flot/jquery.flot.tooltip.min.js - -
2022-10-05 09:38:22.949 +05:00 [INF] Request starting HTTP/2 GET https://localhost:7154/lib/flot/jquery.flot.pie.js - -
2022-10-05 09:38:22.967 +05:00 [INF] Request starting HTTP/2 GET https://localhost:7154/lib/flot/jquery.flot.resize.js - -
2022-10-05 09:38:22.975 +05:00 [INF] Request starting HTTP/2 GET https://localhost:7154/lib/flot/jquery.flot.time.js - -
2022-10-05 09:38:22.979 +05:00 [INF] Request starting HTTP/2 GET https://localhost:7154/lib/flot/jquery.flot.spline.js - -
2022-10-05 09:38:23.002 +05:00 [INF] Request starting HTTP/2 GET https://localhost:7154/lib/chartJs/Chart.min.js - -
2022-10-05 09:38:23.002 +05:00 [INF] Request starting HTTP/2 GET https://localhost:7154/lib/sparkline/jquery.sparkline.min.js - -
2022-10-05 09:38:23.005 +05:00 [INF] Request starting HTTP/2 GET https://localhost:7154/_framework/aspnetcore-browser-refresh.js - -
2022-10-05 09:38:23.011 +05:00 [INF] Request starting HTTP/2 GET https://localhost:7154/lib/peity/jquery.peity.js - -
2022-10-05 09:38:23.029 +05:00 [INF] Request starting HTTP/2 GET https://localhost:7154/Images/profile_small.jpg - -
2022-10-05 09:38:23.056 +05:00 [INF] Request starting HTTP/2 GET https://localhost:7154/Images/a7.jpg - -
2022-10-05 09:38:23.062 +05:00 [INF] Request starting HTTP/2 GET https://localhost:7154/Images/a4.jpg - -
2022-10-05 09:38:23.064 +05:00 [INF] Request starting HTTP/2 GET https://localhost:7154/Images/profile.jpg - -
2022-10-05 09:38:23.073 +05:00 [INF] Request starting HTTP/2 GET https://localhost:7154/Images/a2.jpg - -
2022-10-05 09:38:23.082 +05:00 [INF] Request starting HTTP/2 GET https://localhost:7154/Images/a5.jpg - -
2022-10-05 09:38:23.094 +05:00 [INF] Request starting HTTP/2 GET https://localhost:7154/Images/a3.jpg - -
2022-10-05 09:38:23.115 +05:00 [INF] Request starting HTTP/2 GET https://localhost:7154/Images/a8.jpg - -
2022-10-05 09:38:23.123 +05:00 [INF] Request starting HTTP/2 GET https://localhost:7154/images/preloader.gif - -
2022-10-05 09:38:23.128 +05:00 [INF] Request starting HTTP/2 GET https://localhost:7154/_vs/browserLink - -
2022-10-05 09:38:23.110 +05:00 [INF] Request starting HTTP/2 GET https://localhost:7154/Images/a1.jpg - -
2022-10-05 09:38:23.159 +05:00 [INF] Request finished HTTP/2 GET https://localhost:7154/lib/jquery-validation-unobtrusive/jquery.validate.unobtrusive.min.js - - - 304 - application/javascript 327.8539ms
2022-10-05 09:38:23.160 +05:00 [INF] Sending file. Request path: '/images/preloader.gif'. Physical path: 'C:\Users\YasirIrfan\source\repos\proposal-management\FunFox.PortalSystem\wwwroot\images\preloader.gif'
2022-10-05 09:38:23.209 +05:00 [INF] Request finished HTTP/2 GET https://localhost:7154/lib/jquery-validation/dist/jquery.validate.min.js - - - 304 - application/javascript 398.0798ms
2022-10-05 09:38:23.216 +05:00 [INF] Sending file. Request path: '/Images/a8.jpg'. Physical path: 'C:\Users\YasirIrfan\source\repos\proposal-management\FunFox.PortalSystem\wwwroot\images\a8.jpg'
2022-10-05 09:38:23.220 +05:00 [INF] HTTP GET /images/preloader.gif responded 200 in 89.3164 ms
2022-10-05 09:38:23.224 +05:00 [INF] Sending file. Request path: '/Images/a3.jpg'. Physical path: 'C:\Users\YasirIrfan\source\repos\proposal-management\FunFox.PortalSystem\wwwroot\images\a3.jpg'
2022-10-05 09:38:23.227 +05:00 [INF] HTTP GET /Images/a8.jpg responded 200 in 99.5383 ms
2022-10-05 09:38:23.231 +05:00 [INF] Request finished HTTP/2 GET https://localhost:7154/images/preloader.gif - - - 200 19782 image/gif 108.1183ms
2022-10-05 09:38:23.235 +05:00 [INF] HTTP GET /Images/a3.jpg responded 200 in 110.1942 ms
2022-10-05 09:38:23.239 +05:00 [INF] Request finished HTTP/2 GET https://localhost:7154/Images/a8.jpg - - - 200 9593 image/jpeg 123.8773ms
2022-10-05 09:38:23.243 +05:00 [INF] Sending file. Request path: '/Images/a5.jpg'. Physical path: 'C:\Users\YasirIrfan\source\repos\proposal-management\FunFox.PortalSystem\wwwroot\images\a5.jpg'
2022-10-05 09:38:23.247 +05:00 [INF] Request finished HTTP/2 GET https://localhost:7154/Images/a3.jpg - - - 200 6790 image/jpeg 153.0333ms
2022-10-05 09:38:23.251 +05:00 [INF] Sending file. Request path: '/Images/a4.jpg'. Physical path: 'C:\Users\YasirIrfan\source\repos\proposal-management\FunFox.PortalSystem\wwwroot\images\a4.jpg'
2022-10-05 09:38:23.255 +05:00 [INF] HTTP GET /Images/a5.jpg responded 200 in 133.9908 ms
2022-10-05 09:38:23.258 +05:00 [INF] Sending file. Request path: '/Images/a7.jpg'. Physical path: 'C:\Users\YasirIrfan\source\repos\proposal-management\FunFox.PortalSystem\wwwroot\images\a7.jpg'
2022-10-05 09:38:23.262 +05:00 [INF] HTTP GET /Images/a4.jpg responded 200 in 183.0417 ms
2022-10-05 09:38:23.270 +05:00 [INF] HTTP GET /Images/a7.jpg responded 200 in 200.7368 ms
2022-10-05 09:38:23.266 +05:00 [INF] Request finished HTTP/2 GET https://localhost:7154/Images/a5.jpg - - - 200 4240 image/jpeg 184.1433ms
2022-10-05 09:38:23.279 +05:00 [INF] Request finished HTTP/2 GET https://localhost:7154/Images/a4.jpg - - - 200 5916 image/jpeg 216.2482ms
2022-10-05 09:38:23.282 +05:00 [INF] Request finished HTTP/2 GET https://localhost:7154/Images/a7.jpg - - - 200 11361 image/jpeg 226.5134ms
2022-10-05 09:38:23.289 +05:00 [INF] Sending file. Request path: '/Images/profile_small.jpg'. Physical path: 'C:\Users\YasirIrfan\source\repos\proposal-management\FunFox.PortalSystem\wwwroot\images\profile_small.jpg'
2022-10-05 09:38:23.297 +05:00 [INF] Sending file. Request path: '/lib/flot/jquery.flot.time.js'. Physical path: 'C:\Users\YasirIrfan\source\repos\proposal-management\FunFox.PortalSystem\wwwroot\lib\flot\jquery.flot.time.js'
2022-10-05 09:38:23.306 +05:00 [INF] Sending file. Request path: '/lib/flot/jquery.flot.pie.js'. Physical path: 'C:\Users\YasirIrfan\source\repos\proposal-management\FunFox.PortalSystem\wwwroot\lib\flot\jquery.flot.pie.js'
2022-10-05 09:38:23.325 +05:00 [INF] HTTP GET /Images/profile_small.jpg responded 200 in 276.1922 ms
2022-10-05 09:38:23.336 +05:00 [INF] HTTP GET /lib/flot/jquery.flot.pie.js responded 200 in 380.9337 ms
2022-10-05 09:38:23.340 +05:00 [INF] Sending file. Request path: '/lib/flot/jquery.flot.tooltip.min.js'. Physical path: 'C:\Users\YasirIrfan\source\repos\proposal-management\FunFox.PortalSystem\wwwroot\lib\flot\jquery.flot.tooltip.min.js'
2022-10-05 09:38:23.343 +05:00 [INF] Request finished HTTP/2 GET https://localhost:7154/Images/profile_small.jpg - - - 200 5181 image/jpeg 313.5604ms
2022-10-05 09:38:23.347 +05:00 [INF] Request finished HTTP/2 GET https://localhost:7154/lib/flot/jquery.flot.pie.js - - - 200 24629 application/javascript 397.9243ms
2022-10-05 09:38:23.350 +05:00 [INF] HTTP GET /lib/flot/jquery.flot.tooltip.min.js responded 200 in 406.1517 ms
2022-10-05 09:38:23.355 +05:00 [INF] Sending file. Request path: '/js/Layout.js'. Physical path: 'C:\Users\YasirIrfan\source\repos\proposal-management\FunFox.PortalSystem\wwwroot\js\Layout.js'
2022-10-05 09:38:23.358 +05:00 [INF] Sending file. Request path: '/lib/dataTables/dataTables.bootstrap4.min.js'. Physical path: 'C:\Users\YasirIrfan\source\repos\proposal-management\FunFox.PortalSystem\wwwroot\lib\dataTables\dataTables.bootstrap4.min.js'
2022-10-05 09:38:23.362 +05:00 [INF] Request finished HTTP/2 GET https://localhost:7154/lib/flot/jquery.flot.tooltip.min.js - - - 200 3941 application/javascript 421.1876ms
2022-10-05 09:38:23.365 +05:00 [INF] HTTP GET /js/Layout.js responded 200 in 434.8406 ms
2022-10-05 09:38:23.370 +05:00 [INF] HTTP GET /lib/dataTables/dataTables.bootstrap4.min.js responded 200 in 448.1269 ms
2022-10-05 09:38:23.374 +05:00 [INF] Sending file. Request path: '/lib/metisMenu/dist/jquery.metisMenu.js'. Physical path: 'C:\Users\YasirIrfan\source\repos\proposal-management\FunFox.PortalSystem\wwwroot\lib\metisMenu\dist\jquery.metisMenu.js'
2022-10-05 09:38:23.378 +05:00 [INF] Request finished HTTP/2 GET https://localhost:7154/js/Layout.js - - - 200 729 application/javascript 453.9080ms
2022-10-05 09:38:23.382 +05:00 [INF] Request finished HTTP/2 GET https://localhost:7154/lib/dataTables/dataTables.bootstrap4.min.js - - - 200 2081 application/javascript 468.9298ms
2022-10-05 09:38:23.387 +05:00 [INF] HTTP GET /lib/metisMenu/dist/jquery.metisMenu.js responded 200 in 513.6864 ms
2022-10-05 09:38:23.331 +05:00 [INF] HTTP GET /lib/flot/jquery.flot.time.js responded 200 in 349.4683 ms
2022-10-05 09:38:23.391 +05:00 [INF] Sending file. Request path: '/lib/peity/jquery.peity.js'. Physical path: 'C:\Users\YasirIrfan\source\repos\proposal-management\FunFox.PortalSystem\wwwroot\lib\peity\jquery.peity.js'
2022-10-05 09:38:23.401 +05:00 [INF] Request finished HTTP/2 GET https://localhost:7154/_framework/aspnetcore-browser-refresh.js - - - 200 12028 application/javascript;+charset=utf-8 396.2127ms
2022-10-05 09:38:23.397 +05:00 [INF] Request finished HTTP/2 GET https://localhost:7154/lib/metisMenu/dist/jquery.metisMenu.js - - - 200 13431 application/javascript 542.0918ms
2022-10-05 09:38:23.409 +05:00 [INF] HTTP GET /lib/peity/jquery.peity.js responded 200 in 375.1140 ms
2022-10-05 09:38:23.413 +05:00 [INF] Sending file. Request path: '/lib/flot/jquery.flot.resize.js'. Physical path: 'C:\Users\YasirIrfan\source\repos\proposal-management\FunFox.PortalSystem\wwwroot\lib\flot\jquery.flot.resize.js'
2022-10-05 09:38:23.417 +05:00 [INF] Sending file. Request path: '/lib/flot/jquery.flot.spline.js'. Physical path: 'C:\Users\YasirIrfan\source\repos\proposal-management\FunFox.PortalSystem\wwwroot\lib\flot\jquery.flot.spline.js'
2022-10-05 09:38:23.422 +05:00 [INF] Request finished HTTP/2 GET https://localhost:7154/lib/peity/jquery.peity.js - - - 200 9274 application/javascript 411.1773ms
2022-10-05 09:38:23.426 +05:00 [INF] HTTP GET /lib/flot/jquery.flot.resize.js responded 200 in 453.3934 ms
2022-10-05 09:38:23.430 +05:00 [INF] HTTP GET /lib/flot/jquery.flot.spline.js responded 200 in 446.6983 ms
2022-10-05 09:38:23.435 +05:00 [INF] Sending file. Request path: '/lib/pace/pace.js'. Physical path: 'C:\Users\YasirIrfan\source\repos\proposal-management\FunFox.PortalSystem\wwwroot\lib\pace\pace.js'
2022-10-05 09:38:23.440 +05:00 [INF] Request finished HTTP/2 GET https://localhost:7154/lib/flot/jquery.flot.resize.js - - - 200 3373 application/javascript 472.8992ms
2022-10-05 09:38:23.444 +05:00 [INF] Request finished HTTP/2 GET https://localhost:7154/lib/flot/jquery.flot.spline.js - - - 200 6464 application/javascript 464.9116ms
2022-10-05 09:38:23.449 +05:00 [INF] HTTP GET /lib/pace/pace.js responded 200 in 561.4187 ms
2022-10-05 09:38:23.453 +05:00 [INF] Sending file. Request path: '/js/skin.config.js'. Physical path: 'C:\Users\YasirIrfan\source\repos\proposal-management\FunFox.PortalSystem\wwwroot\js\skin.config.js'
2022-10-05 09:38:23.457 +05:00 [INF] Sending file. Request path: '/js/script.js'. Physical path: 'C:\Users\YasirIrfan\source\repos\proposal-management\FunFox.PortalSystem\wwwroot\js\script.js'
2022-10-05 09:38:23.460 +05:00 [INF] Request finished HTTP/2 GET https://localhost:7154/lib/pace/pace.js - - - 200 27501 application/javascript 580.6654ms
2022-10-05 09:38:23.466 +05:00 [INF] HTTP GET /js/skin.config.js responded 200 in 553.4258 ms
2022-10-05 09:38:23.472 +05:00 [INF] HTTP GET /js/script.js responded 200 in 564.5810 ms
2022-10-05 09:38:23.476 +05:00 [INF] Sending file. Request path: '/lib/slimScroll/jquery.slimscroll.js'. Physical path: 'C:\Users\YasirIrfan\source\repos\proposal-management\FunFox.PortalSystem\wwwroot\lib\slimScroll\jquery.slimscroll.js'
2022-10-05 09:38:23.481 +05:00 [INF] Request finished HTTP/2 GET https://localhost:7154/js/skin.config.js - - - 200 6881 application/javascript 574.1607ms
2022-10-05 09:38:23.487 +05:00 [INF] Request finished HTTP/2 GET https://localhost:7154/js/script.js?v=ejsjEJgVpOlGCnoCig86koGMDeT97csAvW4FVvUO7Kw - - - 200 8113 application/javascript 589.5994ms
2022-10-05 09:38:23.490 +05:00 [INF] HTTP GET /lib/slimScroll/jquery.slimscroll.js responded 200 in 615.3705 ms
2022-10-05 09:38:23.494 +05:00 [INF] Sending file. Request path: '/Images/a1.jpg'. Physical path: 'C:\Users\YasirIrfan\source\repos\proposal-management\FunFox.PortalSystem\wwwroot\images\a1.jpg'
2022-10-05 09:38:23.668 +05:00 [INF] Request finished HTTP/2 GET https://localhost:7154/lib/slimScroll/jquery.slimscroll.js - - - 200 14306 application/javascript 806.8263ms
2022-10-05 09:38:23.684 +05:00 [INF] HTTP GET /Images/a1.jpg responded 200 in 476.3957 ms
2022-10-05 09:38:23.498 +05:00 [INF] Sending file. Request path: '/Images/a2.jpg'. Physical path: 'C:\Users\YasirIrfan\source\repos\proposal-management\FunFox.PortalSystem\wwwroot\images\a2.jpg'
2022-10-05 09:38:23.404 +05:00 [INF] Request finished HTTP/2 GET https://localhost:7154/lib/flot/jquery.flot.time.js - - - 200 12200 application/javascript 429.6912ms
2022-10-05 09:38:23.644 +05:00 [INF] Sending file. Request path: '/css/animate.css'. Physical path: 'C:\Users\YasirIrfan\source\repos\proposal-management\FunFox.PortalSystem\wwwroot\css\animate.css'
2022-10-05 09:38:23.700 +05:00 [INF] HTTP GET /Images/a2.jpg responded 200 in 593.0221 ms
2022-10-05 09:38:23.716 +05:00 [INF] HTTP GET /css/animate.css responded 200 in 1027.8728 ms
2022-10-05 09:38:23.720 +05:00 [INF] Request finished HTTP/2 GET https://localhost:7154/Images/a1.jpg - - - 200 3497 image/jpeg 610.1332ms
2022-10-05 09:38:23.729 +05:00 [INF] Request finished HTTP/2 GET https://localhost:7154/Images/a2.jpg - - - 200 19568 image/jpeg 656.3166ms
2022-10-05 09:38:23.653 +05:00 [INF] Sending file. Request path: '/Images/profile.jpg'. Physical path: 'C:\Users\YasirIrfan\source\repos\proposal-management\FunFox.PortalSystem\wwwroot\images\profile.jpg'
2022-10-05 09:38:23.665 +05:00 [INF] Sending file. Request path: '/lib/sparkline/jquery.sparkline.min.js'. Physical path: 'C:\Users\YasirIrfan\source\repos\proposal-management\FunFox.PortalSystem\wwwroot\lib\sparkline\jquery.sparkline.min.js'
2022-10-05 09:38:23.778 +05:00 [INF] HTTP GET /Images/profile.jpg responded 200 in 697.0891 ms
2022-10-05 09:38:23.791 +05:00 [INF] HTTP GET /lib/sparkline/jquery.sparkline.min.js responded 200 in 777.9233 ms
2022-10-05 09:38:23.819 +05:00 [INF] Request finished HTTP/2 GET https://localhost:7154/lib/sparkline/jquery.sparkline.min.js - - - 200 43255 application/javascript 816.6927ms
2022-10-05 09:38:23.825 +05:00 [INF] Request finished HTTP/2 GET https://localhost:7154/css/animate.css - - - 200 69082 text/css 1141.1117ms
2022-10-05 09:38:23.825 +05:00 [INF] Request finished HTTP/2 GET https://localhost:7154/Images/profile.jpg - - - 200 27806 image/jpeg 762.4675ms
2022-10-05 09:38:23.825 +05:00 [INF] Sending file. Request path: '/lib/bootstrap/dist/js/bootstrap.bundle.min.js'. Physical path: 'C:\Users\YasirIrfan\source\repos\proposal-management\FunFox.PortalSystem\wwwroot\lib\bootstrap\dist\js\bootstrap.bundle.min.js'
2022-10-05 09:38:23.870 +05:00 [INF] Sending file. Request path: '/lib/flot/jquery.flot.js'. Physical path: 'C:\Users\YasirIrfan\source\repos\proposal-management\FunFox.PortalSystem\wwwroot\lib\flot\jquery.flot.js'
2022-10-05 09:38:23.884 +05:00 [INF] Sending file. Request path: '/lib/chartJs/Chart.min.js'. Physical path: 'C:\Users\YasirIrfan\source\repos\proposal-management\FunFox.PortalSystem\wwwroot\lib\chartJs\Chart.min.js'
2022-10-05 09:38:23.883 +05:00 [INF] Sending file. Request path: '/lib/bootstrap/dist/js/bootstrap.js'. Physical path: 'C:\Users\YasirIrfan\source\repos\proposal-management\FunFox.PortalSystem\wwwroot\lib\bootstrap\dist\js\bootstrap.js'
2022-10-05 09:38:23.909 +05:00 [INF] Sending file. Request path: '/lib/bootstrap/dist/css/bootstrap.css'. Physical path: 'C:\Users\YasirIrfan\source\repos\proposal-management\FunFox.PortalSystem\wwwroot\lib\bootstrap\dist\css\bootstrap.css'
2022-10-05 09:38:23.901 +05:00 [INF] HTTP GET /lib/flot/jquery.flot.js responded 200 in 969.1850 ms
2022-10-05 09:38:23.931 +05:00 [INF] HTTP GET /lib/bootstrap/dist/css/bootstrap.css responded 200 in 1266.6422 ms
2022-10-05 09:38:23.941 +05:00 [INF] Request finished HTTP/2 GET https://localhost:7154/_vs/browserLink - - - 200 - text/javascript;+charset=UTF-8 813.0186ms
2022-10-05 09:38:23.955 +05:00 [INF] Request finished HTTP/2 GET https://localhost:7154/lib/flot/jquery.flot.js - - - 200 126139 application/javascript 1029.6651ms
2022-10-05 09:38:23.916 +05:00 [INF] HTTP GET /lib/chartJs/Chart.min.js responded 200 in 905.9460 ms
2022-10-05 09:38:23.925 +05:00 [INF] HTTP GET /lib/bootstrap/dist/js/bootstrap.js responded 200 in 1069.9702 ms
2022-10-05 09:38:23.959 +05:00 [INF] Request finished HTTP/2 GET https://localhost:7154/lib/bootstrap/dist/css/bootstrap.css - - - 200 182626 text/css 1419.7190ms
2022-10-05 09:38:23.966 +05:00 [INF] Request finished HTTP/2 GET https://localhost:7154/lib/chartJs/Chart.min.js - - - 200 139403 application/javascript 964.0534ms
2022-10-05 09:38:23.909 +05:00 [INF] Sending file. Request path: '/lib/jquery/dist/jquery.js'. Physical path: 'C:\Users\YasirIrfan\source\repos\proposal-management\FunFox.PortalSystem\wwwroot\lib\jquery\dist\jquery.js'
2022-10-05 09:38:23.877 +05:00 [INF] HTTP GET /lib/bootstrap/dist/js/bootstrap.bundle.min.js responded 200 in 1113.8163 ms
2022-10-05 09:38:23.971 +05:00 [INF] Request finished HTTP/2 GET https://localhost:7154/lib/bootstrap/dist/js/bootstrap.js - - - 200 127709 application/javascript 1131.9275ms
2022-10-05 09:38:23.979 +05:00 [INF] HTTP GET /lib/jquery/dist/jquery.js responded 200 in 1217.0260 ms
2022-10-05 09:38:23.873 +05:00 [INF] Sending file. Request path: '/css/style.css'. Physical path: 'C:\Users\YasirIrfan\source\repos\proposal-management\FunFox.PortalSystem\wwwroot\css\style.css'
2022-10-05 09:38:23.983 +05:00 [INF] Request finished HTTP/2 GET https://localhost:7154/lib/bootstrap/dist/js/bootstrap.bundle.min.js - - - 200 70972 application/javascript 1227.2419ms
2022-10-05 09:38:23.989 +05:00 [INF] Request finished HTTP/2 GET https://localhost:7154/lib/jquery/dist/jquery.js - - - 200 273841 application/javascript 1234.5469ms
2022-10-05 09:38:23.995 +05:00 [INF] HTTP GET /css/style.css responded 200 in 1379.7346 ms
2022-10-05 09:38:24.008 +05:00 [INF] Request finished HTTP/2 GET https://localhost:7154/css/style.css?v=46ORBesdec5GfSfFrQJoJ10AldDMS3I7Pb_OsHk0e84 - - - 200 208034 text/css 1478.9254ms
2022-10-05 09:38:24.024 +05:00 [INF] Sending file. Request path: '/lib/dataTables/datatables.min.js'. Physical path: 'C:\Users\YasirIrfan\source\repos\proposal-management\FunFox.PortalSystem\wwwroot\lib\dataTables\datatables.min.js'
2022-10-05 09:38:24.030 +05:00 [INF] HTTP GET /lib/dataTables/datatables.min.js responded 200 in 1105.0218 ms
2022-10-05 09:38:24.038 +05:00 [INF] Request finished HTTP/2 GET https://localhost:7154/lib/dataTables/datatables.min.js - - - 200 1200631 application/javascript 1125.2402ms
2022-10-05 09:38:24.559 +05:00 [INF] Request starting HTTP/2 GET https://localhost:7154/css/patterns/header-profile.png - -
2022-10-05 09:38:24.565 +05:00 [INF] Sending file. Request path: '/css/patterns/header-profile.png'. Physical path: 'C:\Users\YasirIrfan\source\repos\proposal-management\FunFox.PortalSystem\wwwroot\css\patterns\header-profile.png'
2022-10-05 09:38:24.572 +05:00 [INF] HTTP GET /css/patterns/header-profile.png responded 200 in 9.2609 ms
2022-10-05 09:38:24.577 +05:00 [INF] Request finished HTTP/2 GET https://localhost:7154/css/patterns/header-profile.png - - - 200 5877 image/png 17.9363ms
2022-10-05 09:38:24.746 +05:00 [INF] Request starting HTTP/2 GET https://localhost:7154/favicon.ico - -
2022-10-05 09:38:24.765 +05:00 [INF] Sending file. Request path: '/favicon.ico'. Physical path: 'C:\Users\YasirIrfan\source\repos\proposal-management\FunFox.PortalSystem\wwwroot\favicon.ico'
2022-10-05 09:38:24.774 +05:00 [INF] HTTP GET /favicon.ico responded 200 in 16.3033 ms
2022-10-05 09:38:24.779 +05:00 [INF] Request finished HTTP/2 GET https://localhost:7154/favicon.ico - - - 200 5430 image/x-icon 33.1664ms
2022-10-05 09:39:23.423 +05:00 [INF] Request starting HTTP/2 GET https://localhost:7154/Pages/Login - -
2022-10-05 09:39:23.460 +05:00 [INF] Executing endpoint 'FunFox.PortalSystem.Controllers.PagesController.Login (FunFox.PortalSystem)'
2022-10-05 09:39:23.517 +05:00 [INF] Route matched with {action = "Login", controller = "Pages", page = "", area = ""}. Executing controller action with signature Microsoft.AspNetCore.Mvc.IActionResult Login() on controller FunFox.PortalSystem.Controllers.PagesController (FunFox.PortalSystem).
2022-10-05 09:39:23.528 +05:00 [INF] Executing ViewResult, running view Login.
2022-10-05 09:39:23.567 +05:00 [INF] Executed ViewResult - view Login executed in 41.3584ms.
2022-10-05 09:39:23.573 +05:00 [INF] Executed action FunFox.PortalSystem.Controllers.PagesController.Login (FunFox.PortalSystem) in 47.3516ms
2022-10-05 09:39:23.577 +05:00 [INF] Executed endpoint 'FunFox.PortalSystem.Controllers.PagesController.Login (FunFox.PortalSystem)'
2022-10-05 09:39:23.583 +05:00 [INF] HTTP GET /Pages/Login responded 200 in 129.5303 ms
2022-10-05 09:39:23.608 +05:00 [INF] Request finished HTTP/2 GET https://localhost:7154/Pages/Login - - - 200 - text/html;+charset=utf-8 184.5298ms
2022-10-05 09:39:23.769 +05:00 [INF] Request starting HTTP/2 GET https://localhost:7154/_framework/aspnetcore-browser-refresh.js - -
2022-10-05 09:39:23.778 +05:00 [INF] Request starting HTTP/2 GET https://localhost:7154/_vs/browserLink - -
2022-10-05 09:39:23.802 +05:00 [INF] Request finished HTTP/2 GET https://localhost:7154/_framework/aspnetcore-browser-refresh.js - - - 200 12028 application/javascript;+charset=utf-8 33.1060ms
2022-10-05 09:39:23.966 +05:00 [INF] Request finished HTTP/2 GET https://localhost:7154/_vs/browserLink - - - 200 - text/javascript;+charset=UTF-8 188.8938ms
2022-10-05 09:39:25.739 +05:00 [INF] Request starting HTTP/2 GET https://localhost:7154/Pages/Login? - -
2022-10-05 09:39:25.786 +05:00 [INF] Executing endpoint 'FunFox.PortalSystem.Controllers.PagesController.Login (FunFox.PortalSystem)'
2022-10-05 09:39:25.790 +05:00 [INF] Route matched with {action = "Login", controller = "Pages", page = "", area = ""}. Executing controller action with signature Microsoft.AspNetCore.Mvc.IActionResult Login() on controller FunFox.PortalSystem.Controllers.PagesController (FunFox.PortalSystem).
2022-10-05 09:39:25.795 +05:00 [INF] Executing ViewResult, running view Login.
2022-10-05 09:39:25.812 +05:00 [INF] Executed ViewResult - view Login executed in 17.3859ms.
2022-10-05 09:39:25.819 +05:00 [INF] Executed action FunFox.PortalSystem.Controllers.PagesController.Login (FunFox.PortalSystem) in 24.457ms
2022-10-05 09:39:25.823 +05:00 [INF] Executed endpoint 'FunFox.PortalSystem.Controllers.PagesController.Login (FunFox.PortalSystem)'
2022-10-05 09:39:25.845 +05:00 [INF] HTTP GET /Pages/Login responded 200 in 92.6396 ms
2022-10-05 09:39:25.854 +05:00 [INF] Request finished HTTP/2 GET https://localhost:7154/Pages/Login? - - - 200 - text/html;+charset=utf-8 114.4901ms
2022-10-05 09:39:25.941 +05:00 [INF] Request starting HTTP/2 GET https://localhost:7154/_framework/aspnetcore-browser-refresh.js - -
2022-10-05 09:39:25.952 +05:00 [INF] Request starting HTTP/2 GET https://localhost:7154/_vs/browserLink - -
2022-10-05 09:39:25.956 +05:00 [INF] Request finished HTTP/2 GET https://localhost:7154/_framework/aspnetcore-browser-refresh.js - - - 200 12028 application/javascript;+charset=utf-8 15.7979ms
2022-10-05 09:39:26.044 +05:00 [INF] Request finished HTTP/2 GET https://localhost:7154/_vs/browserLink - - - 200 - text/javascript;+charset=UTF-8 92.3787ms
2022-10-05 09:39:37.670 +05:00 [INF] Request starting HTTP/2 GET https://localhost:7154/_framework/aspnetcore-browser-refresh.js - -
2022-10-05 09:39:37.694 +05:00 [INF] Request finished HTTP/2 GET https://localhost:7154/_framework/aspnetcore-browser-refresh.js - - - 200 12028 application/javascript;+charset=utf-8 24.2755ms
2022-10-05 09:46:27.646 +05:00 [INF] Request starting HTTP/2 GET https://localhost:7154/ - -
2022-10-05 09:46:27.681 +05:00 [INF] Executing endpoint 'FunFox.PortalSystem.Controllers.DashboardsController.Dashboard_1 (FunFox.PortalSystem)'
2022-10-05 09:46:27.742 +05:00 [INF] Route matched with {action = "Dashboard_1", controller = "Dashboards", page = "", area = ""}. Executing controller action with signature Microsoft.AspNetCore.Mvc.IActionResult Dashboard_1() on controller FunFox.PortalSystem.Controllers.DashboardsController (FunFox.PortalSystem).
2022-10-05 09:46:27.791 +05:00 [INF] Executing ViewResult, running view Dashboard_1.
2022-10-05 09:46:27.862 +05:00 [INF] Entity Framework Core 6.0.9 initialized 'ApplicationDbContext' using provider 'Microsoft.EntityFrameworkCore.SqlServer:6.0.9' with options: QuerySplittingBehavior=SplitQuery 
2022-10-05 09:46:28.074 +05:00 [INF] Executed DbCommand (17ms) [Parameters=[@__normalizedUserName_0='?' (Size = 256)], CommandType='"Text"', CommandTimeout='30']
SELECT TOP(1) [a].[Id], [a].[AccessFailedCount], [a].[ConcurrencyStamp], [a].[Email], [a].[EmailConfirmed], [a].[FirstName], [a].[LastName], [a].[LockoutEnabled], [a].[LockoutEnd], [a].[NormalizedEmail], [a].[NormalizedUserName], [a].[PasswordHash], [a].[PhoneNumber], [a].[PhoneNumberConfirmed], [a].[SecurityStamp], [a].[TwoFactorEnabled], [a].[UserName]
FROM [AspNetUsers] AS [a]
WHERE [a].[NormalizedUserName] = @__normalizedUserName_0
2022-10-05 09:46:28.125 +05:00 [INF] Executed ViewResult - view Dashboard_1 executed in 334.8409ms.
2022-10-05 09:46:28.145 +05:00 [INF] Executed action FunFox.PortalSystem.Controllers.DashboardsController.Dashboard_1 (FunFox.PortalSystem) in 355.3403ms
2022-10-05 09:46:28.161 +05:00 [INF] Executed endpoint 'FunFox.PortalSystem.Controllers.DashboardsController.Dashboard_1 (FunFox.PortalSystem)'
2022-10-05 09:46:28.168 +05:00 [INF] HTTP GET / responded 200 in 489.0086 ms
2022-10-05 09:46:30.421 +05:00 [INF] Request finished HTTP/2 GET https://localhost:7154/ - - - 200 - text/html;+charset=utf-8 2775.7393ms
2022-10-05 09:46:31.145 +05:00 [INF] Request starting HTTP/2 GET https://localhost:7154/_framework/aspnetcore-browser-refresh.js - -
2022-10-05 09:46:31.195 +05:00 [INF] Request starting HTTP/2 GET https://localhost:7154/_vs/browserLink - -
2022-10-05 09:46:31.203 +05:00 [INF] Request finished HTTP/2 GET https://localhost:7154/_framework/aspnetcore-browser-refresh.js - - - 200 12028 application/javascript;+charset=utf-8 58.6856ms
2022-10-05 09:46:31.808 +05:00 [INF] Request finished HTTP/2 GET https://localhost:7154/_vs/browserLink - - - 200 - text/javascript;+charset=UTF-8 612.5486ms
2022-10-05 09:46:46.009 +05:00 [INF] Request starting HTTP/2 GET https://localhost:7154/Pages/Login? - -
2022-10-05 09:46:46.025 +05:00 [INF] Executing endpoint 'FunFox.PortalSystem.Controllers.PagesController.Login (FunFox.PortalSystem)'
2022-10-05 09:46:46.029 +05:00 [INF] Route matched with {action = "Login", controller = "Pages", page = "", area = ""}. Executing controller action with signature Microsoft.AspNetCore.Mvc.IActionResult Login() on controller FunFox.PortalSystem.Controllers.PagesController (FunFox.PortalSystem).
2022-10-05 09:46:46.040 +05:00 [INF] Executing ViewResult, running view Login.
2022-10-05 09:46:46.072 +05:00 [INF] Executed ViewResult - view Login executed in 31.6855ms.
2022-10-05 09:46:46.078 +05:00 [INF] Executed action FunFox.PortalSystem.Controllers.PagesController.Login (FunFox.PortalSystem) in 38.0872ms
2022-10-05 09:46:46.091 +05:00 [INF] Executed endpoint 'FunFox.PortalSystem.Controllers.PagesController.Login (FunFox.PortalSystem)'
2022-10-05 09:46:46.096 +05:00 [INF] HTTP GET /Pages/Login responded 200 in 71.3048 ms
2022-10-05 09:46:46.105 +05:00 [INF] Request finished HTTP/2 GET https://localhost:7154/Pages/Login? - - - 200 - text/html;+charset=utf-8 96.7244ms
2022-10-05 09:46:46.167 +05:00 [INF] Request starting HTTP/2 GET https://localhost:7154/_vs/browserLink - -
2022-10-05 09:46:46.172 +05:00 [INF] Request starting HTTP/2 GET https://localhost:7154/_framework/aspnetcore-browser-refresh.js - -
2022-10-05 09:46:46.183 +05:00 [INF] Request finished HTTP/2 GET https://localhost:7154/_framework/aspnetcore-browser-refresh.js - - - 200 12028 application/javascript;+charset=utf-8 10.9320ms
2022-10-05 09:46:46.265 +05:00 [INF] Request finished HTTP/2 GET https://localhost:7154/_vs/browserLink - - - 200 - text/javascript;+charset=UTF-8 98.1439ms
2022-10-05 09:46:49.144 +05:00 [INF] Request starting HTTP/2 GET https://localhost:7154/_framework/aspnetcore-browser-refresh.js - -
2022-10-05 09:46:49.151 +05:00 [INF] Request finished HTTP/2 GET https://localhost:7154/_framework/aspnetcore-browser-refresh.js - - - 200 12028 application/javascript;+charset=utf-8 7.0539ms
2022-10-05 09:46:50.426 +05:00 [INF] Request starting HTTP/2 GET https://localhost:7154/ - -
2022-10-05 09:46:50.434 +05:00 [INF] Executing endpoint 'FunFox.PortalSystem.Controllers.DashboardsController.Dashboard_1 (FunFox.PortalSystem)'
2022-10-05 09:46:50.444 +05:00 [INF] Route matched with {action = "Dashboard_1", controller = "Dashboards", page = "", area = ""}. Executing controller action with signature Microsoft.AspNetCore.Mvc.IActionResult Dashboard_1() on controller FunFox.PortalSystem.Controllers.DashboardsController (FunFox.PortalSystem).
2022-10-05 09:46:50.462 +05:00 [INF] Executing ViewResult, running view Dashboard_1.
2022-10-05 09:46:50.489 +05:00 [INF] Entity Framework Core 6.0.9 initialized 'ApplicationDbContext' using provider 'Microsoft.EntityFrameworkCore.SqlServer:6.0.9' with options: QuerySplittingBehavior=SplitQuery 
2022-10-05 09:46:50.533 +05:00 [INF] Executed DbCommand (23ms) [Parameters=[@__normalizedUserName_0='?' (Size = 256)], CommandType='"Text"', CommandTimeout='30']
SELECT TOP(1) [a].[Id], [a].[AccessFailedCount], [a].[ConcurrencyStamp], [a].[Email], [a].[EmailConfirmed], [a].[FirstName], [a].[LastName], [a].[LockoutEnabled], [a].[LockoutEnd], [a].[NormalizedEmail], [a].[NormalizedUserName], [a].[PasswordHash], [a].[PhoneNumber], [a].[PhoneNumberConfirmed], [a].[SecurityStamp], [a].[TwoFactorEnabled], [a].[UserName]
FROM [AspNetUsers] AS [a]
WHERE [a].[NormalizedUserName] = @__normalizedUserName_0
2022-10-05 09:46:50.555 +05:00 [INF] Executed ViewResult - view Dashboard_1 executed in 92.2116ms.
2022-10-05 09:46:50.559 +05:00 [INF] Executed action FunFox.PortalSystem.Controllers.DashboardsController.Dashboard_1 (FunFox.PortalSystem) in 96.8194ms
2022-10-05 09:46:50.568 +05:00 [INF] Executed endpoint 'FunFox.PortalSystem.Controllers.DashboardsController.Dashboard_1 (FunFox.PortalSystem)'
2022-10-05 09:46:50.573 +05:00 [INF] HTTP GET / responded 200 in 139.4214 ms
2022-10-05 09:46:50.604 +05:00 [INF] Request finished HTTP/2 GET https://localhost:7154/ - - - 200 - text/html;+charset=utf-8 178.1619ms
2022-10-05 09:46:50.752 +05:00 [INF] Request starting HTTP/2 GET https://localhost:7154/_framework/aspnetcore-browser-refresh.js - -
2022-10-05 09:46:50.779 +05:00 [INF] Request finished HTTP/2 GET https://localhost:7154/_framework/aspnetcore-browser-refresh.js - - - 200 12028 application/javascript;+charset=utf-8 26.6470ms
2022-10-05 09:47:05.190 +05:00 [INF] Request starting HTTP/2 GET https://localhost:7154/Pages/Login - -
2022-10-05 09:47:05.198 +05:00 [INF] Executing endpoint 'FunFox.PortalSystem.Controllers.PagesController.Login (FunFox.PortalSystem)'
2022-10-05 09:47:05.204 +05:00 [INF] Route matched with {action = "Login", controller = "Pages", page = "", area = ""}. Executing controller action with signature Microsoft.AspNetCore.Mvc.IActionResult Login() on controller FunFox.PortalSystem.Controllers.PagesController (FunFox.PortalSystem).
2022-10-05 09:47:05.215 +05:00 [INF] Executing ViewResult, running view Login.
2022-10-05 09:47:05.583 +05:00 [INF] Executed ViewResult - view Login executed in 368.1666ms.
2022-10-05 09:47:05.611 +05:00 [INF] Executed action FunFox.PortalSystem.Controllers.PagesController.Login (FunFox.PortalSystem) in 395.8996ms
2022-10-05 09:47:05.636 +05:00 [INF] Executed endpoint 'FunFox.PortalSystem.Controllers.PagesController.Login (FunFox.PortalSystem)'
2022-10-05 09:47:05.703 +05:00 [INF] HTTP GET /Pages/Login responded 200 in 505.9480 ms
2022-10-05 09:47:05.716 +05:00 [INF] Request finished HTTP/2 GET https://localhost:7154/Pages/Login - - - 200 - text/html;+charset=utf-8 525.8079ms
2022-10-05 09:47:05.795 +05:00 [INF] Request starting HTTP/2 GET https://localhost:7154/_framework/aspnetcore-browser-refresh.js - -
2022-10-05 09:47:05.803 +05:00 [INF] Request starting HTTP/2 GET https://localhost:7154/_vs/browserLink - -
2022-10-05 09:47:05.806 +05:00 [INF] Request finished HTTP/2 GET https://localhost:7154/_framework/aspnetcore-browser-refresh.js - - - 200 12028 application/javascript;+charset=utf-8 11.4408ms
2022-10-05 09:47:05.873 +05:00 [INF] Request finished HTTP/2 GET https://localhost:7154/_vs/browserLink - - - 200 - text/javascript;+charset=UTF-8 69.5374ms
2022-10-05 09:47:08.039 +05:00 [INF] Request starting HTTP/2 GET https://localhost:7154/ - -
2022-10-05 09:47:08.048 +05:00 [INF] Executing endpoint 'FunFox.PortalSystem.Controllers.DashboardsController.Dashboard_1 (FunFox.PortalSystem)'
2022-10-05 09:47:08.057 +05:00 [INF] Route matched with {action = "Dashboard_1", controller = "Dashboards", page = "", area = ""}. Executing controller action with signature Microsoft.AspNetCore.Mvc.IActionResult Dashboard_1() on controller FunFox.PortalSystem.Controllers.DashboardsController (FunFox.PortalSystem).
2022-10-05 09:47:08.064 +05:00 [INF] Executing ViewResult, running view Dashboard_1.
2022-10-05 09:47:08.071 +05:00 [INF] Entity Framework Core 6.0.9 initialized 'ApplicationDbContext' using provider 'Microsoft.EntityFrameworkCore.SqlServer:6.0.9' with options: QuerySplittingBehavior=SplitQuery 
2022-10-05 09:47:08.086 +05:00 [INF] Executed DbCommand (8ms) [Parameters=[@__normalizedUserName_0='?' (Size = 256)], CommandType='"Text"', CommandTimeout='30']
SELECT TOP(1) [a].[Id], [a].[AccessFailedCount], [a].[ConcurrencyStamp], [a].[Email], [a].[EmailConfirmed], [a].[FirstName], [a].[LastName], [a].[LockoutEnabled], [a].[LockoutEnd], [a].[NormalizedEmail], [a].[NormalizedUserName], [a].[PasswordHash], [a].[PhoneNumber], [a].[PhoneNumberConfirmed], [a].[SecurityStamp], [a].[TwoFactorEnabled], [a].[UserName]
FROM [AspNetUsers] AS [a]
WHERE [a].[NormalizedUserName] = @__normalizedUserName_0
2022-10-05 09:47:08.109 +05:00 [INF] Executed ViewResult - view Dashboard_1 executed in 45.1492ms.
2022-10-05 09:47:08.115 +05:00 [INF] Executed action FunFox.PortalSystem.Controllers.DashboardsController.Dashboard_1 (FunFox.PortalSystem) in 51.2347ms
2022-10-05 09:47:08.121 +05:00 [INF] Executed endpoint 'FunFox.PortalSystem.Controllers.DashboardsController.Dashboard_1 (FunFox.PortalSystem)'
2022-10-05 09:47:08.126 +05:00 [INF] HTTP GET / responded 200 in 78.6262 ms
2022-10-05 09:47:08.157 +05:00 [INF] Request finished HTTP/2 GET https://localhost:7154/ - - - 200 - text/html;+charset=utf-8 117.8676ms
2022-10-05 09:47:08.237 +05:00 [INF] Request starting HTTP/2 GET https://localhost:7154/_framework/aspnetcore-browser-refresh.js - -
2022-10-05 09:47:08.253 +05:00 [INF] Request finished HTTP/2 GET https://localhost:7154/_framework/aspnetcore-browser-refresh.js - - - 200 12028 application/javascript;+charset=utf-8 15.6795ms
2022-10-05 09:47:24.682 +05:00 [INF] Request starting HTTP/2 GET https://localhost:7154/Pages/Login_2 - -
2022-10-05 09:47:24.689 +05:00 [INF] Executing endpoint 'FunFox.PortalSystem.Controllers.PagesController.Login_2 (FunFox.PortalSystem)'
2022-10-05 09:47:24.696 +05:00 [INF] Route matched with {action = "Login_2", controller = "Pages", page = "", area = ""}. Executing controller action with signature Microsoft.AspNetCore.Mvc.IActionResult Login_2() on controller FunFox.PortalSystem.Controllers.PagesController (FunFox.PortalSystem).
2022-10-05 09:47:24.705 +05:00 [INF] Executing ViewResult, running view Login_2.
2022-10-05 09:47:24.741 +05:00 [INF] Executed ViewResult - view Login_2 executed in 37.2984ms.
2022-10-05 09:47:24.747 +05:00 [INF] Executed action FunFox.PortalSystem.Controllers.PagesController.Login_2 (FunFox.PortalSystem) in 44.2364ms
2022-10-05 09:47:24.752 +05:00 [INF] Executed endpoint 'FunFox.PortalSystem.Controllers.PagesController.Login_2 (FunFox.PortalSystem)'
2022-10-05 09:47:24.757 +05:00 [INF] HTTP GET /Pages/Login_2 responded 200 in 69.0514 ms
2022-10-05 09:47:24.766 +05:00 [INF] Request finished HTTP/2 GET https://localhost:7154/Pages/Login_2 - - - 200 - text/html;+charset=utf-8 84.0484ms
2022-10-05 09:47:24.808 +05:00 [INF] Request starting HTTP/2 GET https://localhost:7154/_vs/browserLink - -
2022-10-05 09:47:24.811 +05:00 [INF] Request starting HTTP/2 GET https://localhost:7154/_framework/aspnetcore-browser-refresh.js - -
2022-10-05 09:47:24.820 +05:00 [INF] Request finished HTTP/2 GET https://localhost:7154/_framework/aspnetcore-browser-refresh.js - - - 200 12028 application/javascript;+charset=utf-8 8.6898ms
2022-10-05 09:47:24.860 +05:00 [INF] Request finished HTTP/2 GET https://localhost:7154/_vs/browserLink - - - 200 - text/javascript;+charset=UTF-8 52.5456ms
2022-10-05 09:47:31.988 +05:00 [INF] Request starting HTTP/2 GET https://localhost:7154/ - -
2022-10-05 09:47:31.996 +05:00 [INF] Executing endpoint 'FunFox.PortalSystem.Controllers.DashboardsController.Dashboard_1 (FunFox.PortalSystem)'
2022-10-05 09:47:32.001 +05:00 [INF] Route matched with {action = "Dashboard_1", controller = "Dashboards", page = "", area = ""}. Executing controller action with signature Microsoft.AspNetCore.Mvc.IActionResult Dashboard_1() on controller FunFox.PortalSystem.Controllers.DashboardsController (FunFox.PortalSystem).
2022-10-05 09:47:32.006 +05:00 [INF] Executing ViewResult, running view Dashboard_1.
2022-10-05 09:47:32.013 +05:00 [INF] Entity Framework Core 6.0.9 initialized 'ApplicationDbContext' using provider 'Microsoft.EntityFrameworkCore.SqlServer:6.0.9' with options: QuerySplittingBehavior=SplitQuery 
2022-10-05 09:47:32.022 +05:00 [INF] Executed DbCommand (1ms) [Parameters=[@__normalizedUserName_0='?' (Size = 256)], CommandType='"Text"', CommandTimeout='30']
SELECT TOP(1) [a].[Id], [a].[AccessFailedCount], [a].[ConcurrencyStamp], [a].[Email], [a].[EmailConfirmed], [a].[FirstName], [a].[LastName], [a].[LockoutEnabled], [a].[LockoutEnd], [a].[NormalizedEmail], [a].[NormalizedUserName], [a].[PasswordHash], [a].[PhoneNumber], [a].[PhoneNumberConfirmed], [a].[SecurityStamp], [a].[TwoFactorEnabled], [a].[UserName]
FROM [AspNetUsers] AS [a]
WHERE [a].[NormalizedUserName] = @__normalizedUserName_0
2022-10-05 09:47:32.039 +05:00 [INF] Executed ViewResult - view Dashboard_1 executed in 32.9273ms.
2022-10-05 09:47:32.047 +05:00 [INF] Executed action FunFox.PortalSystem.Controllers.DashboardsController.Dashboard_1 (FunFox.PortalSystem) in 41.1866ms
2022-10-05 09:47:32.053 +05:00 [INF] Executed endpoint 'FunFox.PortalSystem.Controllers.DashboardsController.Dashboard_1 (FunFox.PortalSystem)'
2022-10-05 09:47:32.059 +05:00 [INF] HTTP GET / responded 200 in 64.1771 ms
2022-10-05 09:47:32.099 +05:00 [INF] Request finished HTTP/2 GET https://localhost:7154/ - - - 200 - text/html;+charset=utf-8 110.9831ms
2022-10-05 09:47:32.334 +05:00 [INF] Request starting HTTP/2 GET https://localhost:7154/_framework/aspnetcore-browser-refresh.js - -
2022-10-05 09:47:32.350 +05:00 [INF] Request finished HTTP/2 GET https://localhost:7154/_framework/aspnetcore-browser-refresh.js - - - 200 12028 application/javascript;+charset=utf-8 16.9494ms
2022-10-05 11:31:02.698 +05:00 [INF] User profile is available. Using 'C:\Users\YasirIrfan\AppData\Local\ASP.NET\DataProtection-Keys' as key repository and Windows DPAPI to encrypt keys at rest.
2022-10-05 11:31:07.558 +05:00 [WRN] No store type was specified for the decimal property 'Price' on entity type 'PlantMaterial'. This will cause values to be silently truncated if they do not fit in the default precision and scale. Explicitly specify the SQL server column type that can accommodate all the values in 'OnModelCreating' using 'HasColumnType', specify precision and scale using 'HasPrecision', or configure a value converter using 'HasConversion'.
2022-10-05 11:31:08.307 +05:00 [INF] Entity Framework Core 6.0.9 initialized 'ApplicationDbContext' using provider 'Microsoft.EntityFrameworkCore.SqlServer:6.0.9' with options: QuerySplittingBehavior=SplitQuery 
2022-10-05 11:31:10.490 +05:00 [INF] Executed DbCommand (142ms) [Parameters=[], CommandType='"Text"', CommandTimeout='30']
SELECT 1
2022-10-05 11:31:10.736 +05:00 [INF] Executed DbCommand (92ms) [Parameters=[], CommandType='"Text"', CommandTimeout='30']
SELECT OBJECT_ID(N'[__EFMigrationsHistory]');
2022-10-05 11:31:10.808 +05:00 [INF] Executed DbCommand (12ms) [Parameters=[], CommandType='"Text"', CommandTimeout='30']
SELECT [MigrationId], [ProductVersion]
FROM [__EFMigrationsHistory]
ORDER BY [MigrationId];
2022-10-05 11:31:10.878 +05:00 [INF] Entity Framework Core 6.0.9 initialized 'ApplicationDbContext' using provider 'Microsoft.EntityFrameworkCore.SqlServer:6.0.9' with options: QuerySplittingBehavior=SplitQuery 
2022-10-05 11:31:13.181 +05:00 [INF] Executed DbCommand (251ms) [Parameters=[@__normalizedName_0='?' (Size = 256)], CommandType='"Text"', CommandTimeout='30']
SELECT TOP(1) [a].[Id], [a].[ConcurrencyStamp], [a].[Name], [a].[NormalizedName]
FROM [AspNetRoles] AS [a]
WHERE [a].[NormalizedName] = @__normalizedName_0
2022-10-05 11:31:13.767 +05:00 [INF] Executed DbCommand (4ms) [Parameters=[@__normalizedName_0='?' (Size = 256)], CommandType='"Text"', CommandTimeout='30']
SELECT TOP(1) [a].[Id], [a].[ConcurrencyStamp], [a].[Name], [a].[NormalizedName]
FROM [AspNetRoles] AS [a]
WHERE [a].[NormalizedName] = @__normalizedName_0
2022-10-05 11:31:13.851 +05:00 [INF] Executed DbCommand (9ms) [Parameters=[@__normalizedEmail_0='?' (Size = 256)], CommandType='"Text"', CommandTimeout='30']
SELECT TOP(2) [a].[Id], [a].[AccessFailedCount], [a].[ConcurrencyStamp], [a].[Email], [a].[EmailConfirmed], [a].[FirstName], [a].[LastName], [a].[LockoutEnabled], [a].[LockoutEnd], [a].[NormalizedEmail], [a].[NormalizedUserName], [a].[PasswordHash], [a].[PhoneNumber], [a].[PhoneNumberConfirmed], [a].[SecurityStamp], [a].[TwoFactorEnabled], [a].[UserName]
FROM [AspNetUsers] AS [a]
WHERE [a].[NormalizedEmail] = @__normalizedEmail_0
2022-10-05 11:31:14.099 +05:00 [INF] Executed DbCommand (13ms) [Parameters=[@__normalizedEmail_0='?' (Size = 256)], CommandType='"Text"', CommandTimeout='30']
SELECT TOP(2) [a].[Id], [a].[AccessFailedCount], [a].[ConcurrencyStamp], [a].[Email], [a].[EmailConfirmed], [a].[FirstName], [a].[LastName], [a].[LockoutEnabled], [a].[LockoutEnd], [a].[NormalizedEmail], [a].[NormalizedUserName], [a].[PasswordHash], [a].[PhoneNumber], [a].[PhoneNumberConfirmed], [a].[SecurityStamp], [a].[TwoFactorEnabled], [a].[UserName]
FROM [AspNetUsers] AS [a]
WHERE [a].[NormalizedEmail] = @__normalizedEmail_0
2022-10-05 11:31:14.401 +05:00 [INF] Entity Framework Core 6.0.9 initialized 'ApplicationDbContext' using provider 'Microsoft.EntityFrameworkCore.SqlServer:6.0.9' with options: QuerySplittingBehavior=SplitQuery 
2022-10-05 11:31:14.574 +05:00 [INF] Executed DbCommand (26ms) [Parameters=[], CommandType='"Text"', CommandTimeout='30']
SELECT [a].[Id], [a].[Category], [a].[Code], [a].[CommonName], [a].[ImportedOn], [a].[LatinName]
FROM [AllPlants] AS [a]
2022-10-05 11:31:15.326 +05:00 [INF] Now listening on: https://localhost:7154
2022-10-05 11:31:15.348 +05:00 [INF] Now listening on: http://localhost:5204
2022-10-05 11:31:15.385 +05:00 [INF] Application started. Press Ctrl+C to shut down.
2022-10-05 11:31:15.401 +05:00 [INF] Hosting environment: Development
2022-10-05 11:31:15.408 +05:00 [INF] Content root path: C:\Users\YasirIrfan\source\repos\proposal-management\FunFox.PortalSystem\
2022-10-05 11:31:15.914 +05:00 [INF] Request starting HTTP/2 GET https://localhost:7154/Account/Login - -
2022-10-05 11:31:16.601 +05:00 [INF] Entity Framework Core 6.0.9 initialized 'ApplicationDbContext' using provider 'Microsoft.EntityFrameworkCore.SqlServer:6.0.9' with options: QuerySplittingBehavior=SplitQuery 
2022-10-05 11:31:16.726 +05:00 [INF] Executed DbCommand (3ms) [Parameters=[@__p_0='?' (Size = 450)], CommandType='"Text"', CommandTimeout='30']
SELECT TOP(1) [a].[Id], [a].[AccessFailedCount], [a].[ConcurrencyStamp], [a].[Email], [a].[EmailConfirmed], [a].[FirstName], [a].[LastName], [a].[LockoutEnabled], [a].[LockoutEnd], [a].[NormalizedEmail], [a].[NormalizedUserName], [a].[PasswordHash], [a].[PhoneNumber], [a].[PhoneNumberConfirmed], [a].[SecurityStamp], [a].[TwoFactorEnabled], [a].[UserName]
FROM [AspNetUsers] AS [a]
WHERE [a].[Id] = @__p_0
2022-10-05 11:31:16.990 +05:00 [INF] Executed DbCommand (8ms) [Parameters=[@__user_Id_0='?' (Size = 450)], CommandType='"Text"', CommandTimeout='30']
SELECT [a].[Id], [a].[ClaimType], [a].[ClaimValue], [a].[UserId]
FROM [AspNetUserClaims] AS [a]
WHERE [a].[UserId] = @__user_Id_0
2022-10-05 11:31:17.118 +05:00 [INF] Executed DbCommand (10ms) [Parameters=[@__userId_0='?' (Size = 450)], CommandType='"Text"', CommandTimeout='30']
SELECT [a0].[Name]
FROM [AspNetUserRoles] AS [a]
INNER JOIN [AspNetRoles] AS [a0] ON [a].[RoleId] = [a0].[Id]
WHERE [a].[UserId] = @__userId_0
2022-10-05 11:31:17.148 +05:00 [INF] Executed DbCommand (1ms) [Parameters=[@__normalizedName_0='?' (Size = 256)], CommandType='"Text"', CommandTimeout='30']
SELECT TOP(1) [a].[Id], [a].[ConcurrencyStamp], [a].[Name], [a].[NormalizedName]
FROM [AspNetRoles] AS [a]
WHERE [a].[NormalizedName] = @__normalizedName_0
2022-10-05 11:31:17.190 +05:00 [INF] Executed DbCommand (7ms) [Parameters=[@__role_Id_0='?' (Size = 450)], CommandType='"Text"', CommandTimeout='30']
SELECT [a].[ClaimType], [a].[ClaimValue]
FROM [AspNetRoleClaims] AS [a]
WHERE [a].[RoleId] = @__role_Id_0
2022-10-05 11:31:17.262 +05:00 [INF] Executing endpoint 'FunFox.PortalSystem.Controllers.AccountController.Login (FunFox.PortalSystem)'
2022-10-05 11:31:17.410 +05:00 [INF] Route matched with {action = "Login", controller = "Account", page = "", area = ""}. Executing controller action with signature Microsoft.AspNetCore.Mvc.IActionResult Login(System.String) on controller FunFox.PortalSystem.Controllers.AccountController (FunFox.PortalSystem).
2022-10-05 11:31:17.476 +05:00 [INF] Executing ViewResult, running view Login.
2022-10-05 11:31:18.643 +05:00 [INF] Executed ViewResult - view Login executed in 1172.0021ms.
2022-10-05 11:31:18.665 +05:00 [INF] Executed action FunFox.PortalSystem.Controllers.AccountController.Login (FunFox.PortalSystem) in 1243.5977ms
2022-10-05 11:31:18.673 +05:00 [INF] Executed endpoint 'FunFox.PortalSystem.Controllers.AccountController.Login (FunFox.PortalSystem)'
2022-10-05 11:31:18.689 +05:00 [INF] HTTP GET /Account/Login responded 200 in 2424.1869 ms
2022-10-05 11:31:18.855 +05:00 [INF] Request finished HTTP/2 GET https://localhost:7154/Account/Login - - - 200 - text/html;+charset=utf-8 2956.8254ms
2022-10-05 11:31:19.083 +05:00 [INF] Request starting HTTP/2 GET https://localhost:7154/_framework/aspnetcore-browser-refresh.js - -
2022-10-05 11:31:19.103 +05:00 [INF] Request finished HTTP/2 GET https://localhost:7154/_framework/aspnetcore-browser-refresh.js - - - 200 12028 application/javascript;+charset=utf-8 20.2003ms
2022-10-05 11:31:19.159 +05:00 [INF] Request starting HTTP/2 GET https://localhost:7154/_vs/browserLink - -
2022-10-05 11:31:19.511 +05:00 [INF] Request finished HTTP/2 GET https://localhost:7154/_vs/browserLink - - - 200 - text/javascript;+charset=UTF-8 352.8123ms
2022-10-05 11:31:47.374 +05:00 [INF] User profile is available. Using 'C:\Users\YasirIrfan\AppData\Local\ASP.NET\DataProtection-Keys' as key repository and Windows DPAPI to encrypt keys at rest.
2022-10-05 11:31:51.574 +05:00 [WRN] No store type was specified for the decimal property 'Price' on entity type 'PlantMaterial'. This will cause values to be silently truncated if they do not fit in the default precision and scale. Explicitly specify the SQL server column type that can accommodate all the values in 'OnModelCreating' using 'HasColumnType', specify precision and scale using 'HasPrecision', or configure a value converter using 'HasConversion'.
2022-10-05 11:31:52.372 +05:00 [INF] Entity Framework Core 6.0.9 initialized 'ApplicationDbContext' using provider 'Microsoft.EntityFrameworkCore.SqlServer:6.0.9' with options: QuerySplittingBehavior=SplitQuery 
2022-10-05 11:31:53.732 +05:00 [INF] Executed DbCommand (77ms) [Parameters=[], CommandType='"Text"', CommandTimeout='30']
SELECT 1
2022-10-05 11:31:53.894 +05:00 [INF] Executed DbCommand (51ms) [Parameters=[], CommandType='"Text"', CommandTimeout='30']
SELECT OBJECT_ID(N'[__EFMigrationsHistory]');
2022-10-05 11:31:53.952 +05:00 [INF] Executed DbCommand (9ms) [Parameters=[], CommandType='"Text"', CommandTimeout='30']
SELECT [MigrationId], [ProductVersion]
FROM [__EFMigrationsHistory]
ORDER BY [MigrationId];
2022-10-05 11:31:53.989 +05:00 [INF] Entity Framework Core 6.0.9 initialized 'ApplicationDbContext' using provider 'Microsoft.EntityFrameworkCore.SqlServer:6.0.9' with options: QuerySplittingBehavior=SplitQuery 
2022-10-05 11:31:55.482 +05:00 [INF] Executed DbCommand (156ms) [Parameters=[@__normalizedName_0='?' (Size = 256)], CommandType='"Text"', CommandTimeout='30']
SELECT TOP(1) [a].[Id], [a].[ConcurrencyStamp], [a].[Name], [a].[NormalizedName]
FROM [AspNetRoles] AS [a]
WHERE [a].[NormalizedName] = @__normalizedName_0
2022-10-05 11:31:55.791 +05:00 [INF] Executed DbCommand (4ms) [Parameters=[@__normalizedName_0='?' (Size = 256)], CommandType='"Text"', CommandTimeout='30']
SELECT TOP(1) [a].[Id], [a].[ConcurrencyStamp], [a].[Name], [a].[NormalizedName]
FROM [AspNetRoles] AS [a]
WHERE [a].[NormalizedName] = @__normalizedName_0
2022-10-05 11:31:55.839 +05:00 [INF] Executed DbCommand (5ms) [Parameters=[@__normalizedEmail_0='?' (Size = 256)], CommandType='"Text"', CommandTimeout='30']
SELECT TOP(2) [a].[Id], [a].[AccessFailedCount], [a].[ConcurrencyStamp], [a].[Email], [a].[EmailConfirmed], [a].[FirstName], [a].[LastName], [a].[LockoutEnabled], [a].[LockoutEnd], [a].[NormalizedEmail], [a].[NormalizedUserName], [a].[PasswordHash], [a].[PhoneNumber], [a].[PhoneNumberConfirmed], [a].[SecurityStamp], [a].[TwoFactorEnabled], [a].[UserName]
FROM [AspNetUsers] AS [a]
WHERE [a].[NormalizedEmail] = @__normalizedEmail_0
2022-10-05 11:31:55.958 +05:00 [INF] Executed DbCommand (2ms) [Parameters=[@__normalizedEmail_0='?' (Size = 256)], CommandType='"Text"', CommandTimeout='30']
SELECT TOP(2) [a].[Id], [a].[AccessFailedCount], [a].[ConcurrencyStamp], [a].[Email], [a].[EmailConfirmed], [a].[FirstName], [a].[LastName], [a].[LockoutEnabled], [a].[LockoutEnd], [a].[NormalizedEmail], [a].[NormalizedUserName], [a].[PasswordHash], [a].[PhoneNumber], [a].[PhoneNumberConfirmed], [a].[SecurityStamp], [a].[TwoFactorEnabled], [a].[UserName]
FROM [AspNetUsers] AS [a]
WHERE [a].[NormalizedEmail] = @__normalizedEmail_0
2022-10-05 11:31:56.106 +05:00 [INF] Entity Framework Core 6.0.9 initialized 'ApplicationDbContext' using provider 'Microsoft.EntityFrameworkCore.SqlServer:6.0.9' with options: QuerySplittingBehavior=SplitQuery 
2022-10-05 11:31:56.156 +05:00 [INF] Executed DbCommand (1ms) [Parameters=[], CommandType='"Text"', CommandTimeout='30']
SELECT [a].[Id], [a].[Category], [a].[Code], [a].[CommonName], [a].[ImportedOn], [a].[LatinName]
FROM [AllPlants] AS [a]
2022-10-05 11:31:56.575 +05:00 [INF] Now listening on: https://localhost:7154
2022-10-05 11:31:56.583 +05:00 [INF] Now listening on: http://localhost:5204
2022-10-05 11:31:56.599 +05:00 [INF] Application started. Press Ctrl+C to shut down.
2022-10-05 11:31:56.605 +05:00 [INF] Hosting environment: Development
2022-10-05 11:31:56.612 +05:00 [INF] Content root path: C:\Users\YasirIrfan\source\repos\proposal-management\FunFox.PortalSystem\
2022-10-05 11:31:58.165 +05:00 [INF] Request starting HTTP/2 GET https://localhost:7154/ - -
2022-10-05 11:31:58.563 +05:00 [INF] Executing endpoint 'FunFox.PortalSystem.Controllers.DashboardsController.Dashboard_1 (FunFox.PortalSystem)'
2022-10-05 11:31:58.595 +05:00 [INF] Route matched with {action = "Dashboard_1", controller = "Dashboards", page = "", area = ""}. Executing controller action with signature Microsoft.AspNetCore.Mvc.IActionResult Dashboard_1() on controller FunFox.PortalSystem.Controllers.DashboardsController (FunFox.PortalSystem).
2022-10-05 11:31:58.656 +05:00 [INF] Executing ViewResult, running view Dashboard_1.
2022-10-05 11:31:58.997 +05:00 [INF] Entity Framework Core 6.0.9 initialized 'ApplicationDbContext' using provider 'Microsoft.EntityFrameworkCore.SqlServer:6.0.9' with options: QuerySplittingBehavior=SplitQuery 
2022-10-05 11:31:59.048 +05:00 [INF] Executed DbCommand (14ms) [Parameters=[@__normalizedUserName_0='?' (Size = 256)], CommandType='"Text"', CommandTimeout='30']
SELECT TOP(1) [a].[Id], [a].[AccessFailedCount], [a].[ConcurrencyStamp], [a].[Email], [a].[EmailConfirmed], [a].[FirstName], [a].[LastName], [a].[LockoutEnabled], [a].[LockoutEnd], [a].[NormalizedEmail], [a].[NormalizedUserName], [a].[PasswordHash], [a].[PhoneNumber], [a].[PhoneNumberConfirmed], [a].[SecurityStamp], [a].[TwoFactorEnabled], [a].[UserName]
FROM [AspNetUsers] AS [a]
WHERE [a].[NormalizedUserName] = @__normalizedUserName_0
2022-10-05 11:31:59.866 +05:00 [INF] Executed ViewResult - view Dashboard_1 executed in 1217.184ms.
2022-10-05 11:31:59.890 +05:00 [INF] Executed action FunFox.PortalSystem.Controllers.DashboardsController.Dashboard_1 (FunFox.PortalSystem) in 1272.7551ms
2022-10-05 11:31:59.900 +05:00 [INF] Executed endpoint 'FunFox.PortalSystem.Controllers.DashboardsController.Dashboard_1 (FunFox.PortalSystem)'
2022-10-05 11:31:59.927 +05:00 [INF] HTTP GET / responded 200 in 1618.7994 ms
2022-10-05 11:32:00.205 +05:00 [INF] Request finished HTTP/2 GET https://localhost:7154/ - - - 200 - text/html;+charset=utf-8 2058.8889ms
2022-10-05 11:32:00.460 +05:00 [INF] Request starting HTTP/2 GET https://localhost:7154/_framework/aspnetcore-browser-refresh.js - -
2022-10-05 11:32:00.470 +05:00 [INF] Request starting HTTP/2 GET https://localhost:7154/_vs/browserLink - -
2022-10-05 11:32:00.547 +05:00 [INF] Request finished HTTP/2 GET https://localhost:7154/_framework/aspnetcore-browser-refresh.js - - - 200 12028 application/javascript;+charset=utf-8 87.1173ms
2022-10-05 11:32:00.734 +05:00 [INF] Request finished HTTP/2 GET https://localhost:7154/_vs/browserLink - - - 200 - text/javascript;+charset=UTF-8 264.1940ms
2022-10-05 11:32:10.042 +05:00 [INF] Request starting HTTP/2 GET https://localhost:7154/Account/Login - -
2022-10-05 11:32:10.076 +05:00 [INF] Executing endpoint 'FunFox.PortalSystem.Controllers.AccountController.Login (FunFox.PortalSystem)'
2022-10-05 11:32:10.140 +05:00 [INF] Route matched with {action = "Login", controller = "Account", page = "", area = ""}. Executing controller action with signature Microsoft.AspNetCore.Mvc.IActionResult Login(System.String) on controller FunFox.PortalSystem.Controllers.AccountController (FunFox.PortalSystem).
2022-10-05 11:32:10.171 +05:00 [INF] Executing ViewResult, running view Login.
2022-10-05 11:32:10.337 +05:00 [INF] Executed ViewResult - view Login executed in 168.1359ms.
2022-10-05 11:32:10.347 +05:00 [INF] Executed action FunFox.PortalSystem.Controllers.AccountController.Login (FunFox.PortalSystem) in 198.3583ms
2022-10-05 11:32:10.359 +05:00 [INF] Executed endpoint 'FunFox.PortalSystem.Controllers.AccountController.Login (FunFox.PortalSystem)'
2022-10-05 11:32:10.370 +05:00 [INF] HTTP GET /Account/Login responded 200 in 308.9095 ms
2022-10-05 11:32:10.384 +05:00 [INF] Request finished HTTP/2 GET https://localhost:7154/Account/Login - - - 200 - text/html;+charset=utf-8 342.6849ms
2022-10-05 11:32:10.478 +05:00 [INF] Request starting HTTP/2 GET https://localhost:7154/_framework/aspnetcore-browser-refresh.js - -
2022-10-05 11:32:10.492 +05:00 [INF] Request starting HTTP/2 GET https://localhost:7154/_vs/browserLink - -
2022-10-05 11:32:10.504 +05:00 [INF] Request finished HTTP/2 GET https://localhost:7154/_framework/aspnetcore-browser-refresh.js - - - 200 12028 application/javascript;+charset=utf-8 25.3829ms
2022-10-05 11:32:10.563 +05:00 [INF] Request finished HTTP/2 GET https://localhost:7154/_vs/browserLink - - - 200 - text/javascript;+charset=UTF-8 70.9000ms
2022-10-05 11:33:12.968 +05:00 [INF] Request starting HTTP/2 GET https://localhost:7154/Account/Login - -
2022-10-05 11:33:13.039 +05:00 [INF] Executing endpoint 'FunFox.PortalSystem.Controllers.AccountController.Login (FunFox.PortalSystem)'
2022-10-05 11:33:13.057 +05:00 [INF] Route matched with {action = "Login", controller = "Account", page = "", area = ""}. Executing controller action with signature Microsoft.AspNetCore.Mvc.IActionResult Login(System.String) on controller FunFox.PortalSystem.Controllers.AccountController (FunFox.PortalSystem).
2022-10-05 11:33:17.355 +05:00 [INF] Executing ViewResult, running view Login.
2022-10-05 11:33:19.277 +05:00 [INF] Executed ViewResult - view Login executed in 2094.7716ms.
2022-10-05 11:33:19.285 +05:00 [INF] Executed action FunFox.PortalSystem.Controllers.AccountController.Login (FunFox.PortalSystem) in 6214.5929ms
2022-10-05 11:33:19.291 +05:00 [INF] Executed endpoint 'FunFox.PortalSystem.Controllers.AccountController.Login (FunFox.PortalSystem)'
2022-10-05 11:33:19.298 +05:00 [INF] HTTP GET /Account/Login responded 200 in 6311.6135 ms
2022-10-05 11:33:19.312 +05:00 [INF] Request finished HTTP/2 GET https://localhost:7154/Account/Login - - - 200 - text/html;+charset=utf-8 6344.4509ms
2022-10-05 11:33:19.387 +05:00 [INF] Request starting HTTP/2 GET https://localhost:7154/_framework/aspnetcore-browser-refresh.js - -
2022-10-05 11:33:19.389 +05:00 [INF] Request starting HTTP/2 GET https://localhost:7154/_vs/browserLink - -
2022-10-05 11:33:19.405 +05:00 [INF] Request finished HTTP/2 GET https://localhost:7154/_framework/aspnetcore-browser-refresh.js - - - 200 12028 application/javascript;+charset=utf-8 18.2352ms
2022-10-05 11:33:19.704 +05:00 [INF] Request finished HTTP/2 GET https://localhost:7154/_vs/browserLink - - - 200 - text/javascript;+charset=UTF-8 314.3398ms
2022-10-05 11:56:48.495 +05:00 [INF] Request starting HTTP/2 GET https://localhost:7154/ - -
2022-10-05 11:56:48.553 +05:00 [INF] Executing endpoint 'FunFox.PortalSystem.Controllers.DashboardsController.Dashboard_1 (FunFox.PortalSystem)'
2022-10-05 11:56:48.564 +05:00 [INF] Route matched with {action = "Dashboard_1", controller = "Dashboards", page = "", area = ""}. Executing controller action with signature Microsoft.AspNetCore.Mvc.IActionResult Dashboard_1() on controller FunFox.PortalSystem.Controllers.DashboardsController (FunFox.PortalSystem).
2022-10-05 11:56:48.578 +05:00 [INF] Executing ViewResult, running view Dashboard_1.
2022-10-05 11:56:48.592 +05:00 [INF] Entity Framework Core 6.0.9 initialized 'ApplicationDbContext' using provider 'Microsoft.EntityFrameworkCore.SqlServer:6.0.9' with options: QuerySplittingBehavior=SplitQuery 
2022-10-05 11:56:48.684 +05:00 [INF] Executed DbCommand (15ms) [Parameters=[@__normalizedUserName_0='?' (Size = 256)], CommandType='"Text"', CommandTimeout='30']
SELECT TOP(1) [a].[Id], [a].[AccessFailedCount], [a].[ConcurrencyStamp], [a].[Email], [a].[EmailConfirmed], [a].[FirstName], [a].[LastName], [a].[LockoutEnabled], [a].[LockoutEnd], [a].[NormalizedEmail], [a].[NormalizedUserName], [a].[PasswordHash], [a].[PhoneNumber], [a].[PhoneNumberConfirmed], [a].[SecurityStamp], [a].[TwoFactorEnabled], [a].[UserName]
FROM [AspNetUsers] AS [a]
WHERE [a].[NormalizedUserName] = @__normalizedUserName_0
2022-10-05 11:56:48.748 +05:00 [INF] Executed ViewResult - view Dashboard_1 executed in 172.4985ms.
2022-10-05 11:56:48.755 +05:00 [INF] Executed action FunFox.PortalSystem.Controllers.DashboardsController.Dashboard_1 (FunFox.PortalSystem) in 179.6831ms
2022-10-05 11:56:48.762 +05:00 [INF] Executed endpoint 'FunFox.PortalSystem.Controllers.DashboardsController.Dashboard_1 (FunFox.PortalSystem)'
2022-10-05 11:56:48.774 +05:00 [INF] HTTP GET / responded 200 in 223.9945 ms
2022-10-05 11:56:48.878 +05:00 [INF] Request finished HTTP/2 GET https://localhost:7154/ - - - 200 - text/html;+charset=utf-8 387.6573ms
2022-10-05 11:56:49.340 +05:00 [INF] Request starting HTTP/2 GET https://localhost:7154/css/style.css?v=46ORBesdec5GfSfFrQJoJ10AldDMS3I7Pb_OsHk0e84 - -
2022-10-05 11:56:49.446 +05:00 [INF] Request starting HTTP/2 GET https://localhost:7154/_framework/aspnetcore-browser-refresh.js - -
2022-10-05 11:56:49.418 +05:00 [INF] Request starting HTTP/2 GET https://localhost:7154/images/preloader.gif - -
2022-10-05 11:56:49.411 +05:00 [INF] Request starting HTTP/2 GET https://localhost:7154/css/StyleNew.css - -
2022-10-05 11:56:49.418 +05:00 [INF] Request starting HTTP/2 GET https://localhost:7154/lib/Popper/popper.min.js - -
2022-10-05 11:56:49.557 +05:00 [INF] Request starting HTTP/2 GET https://localhost:7154/js/Layout.js - -
2022-10-05 11:56:49.570 +05:00 [INF] Request finished HTTP/2 GET https://localhost:7154/_framework/aspnetcore-browser-refresh.js - - - 200 12028 application/javascript;+charset=utf-8 124.2795ms
2022-10-05 11:56:49.612 +05:00 [INF] The file /css/style.css was not modified
2022-10-05 11:56:49.612 +05:00 [INF] The file /images/preloader.gif was not modified
2022-10-05 11:56:49.683 +05:00 [INF] HTTP GET /css/style.css responded 304 in 116.5750 ms
2022-10-05 11:56:49.709 +05:00 [INF] HTTP GET /images/preloader.gif responded 304 in 136.2946 ms
2022-10-05 11:56:49.699 +05:00 [INF] The file /css/StyleNew.css was not modified
2022-10-05 11:56:49.582 +05:00 [INF] The file /lib/Popper/popper.min.js was not modified
2022-10-05 11:56:49.615 +05:00 [INF] The file /js/Layout.js was not modified
2022-10-05 11:56:49.557 +05:00 [INF] Request starting HTTP/2 GET https://localhost:7154/_vs/browserLink - -
2022-10-05 11:56:49.765 +05:00 [INF] Request finished HTTP/2 GET https://localhost:7154/css/style.css?v=46ORBesdec5GfSfFrQJoJ10AldDMS3I7Pb_OsHk0e84 - - - 304 - text/css 424.4776ms
2022-10-05 11:56:49.784 +05:00 [INF] Request finished HTTP/2 GET https://localhost:7154/images/preloader.gif - - - 304 - image/gif 365.4337ms
2022-10-05 11:56:49.786 +05:00 [INF] HTTP GET /css/StyleNew.css responded 304 in 210.6468 ms
2022-10-05 11:56:49.790 +05:00 [INF] HTTP GET /lib/Popper/popper.min.js responded 304 in 212.5525 ms
2022-10-05 11:56:49.792 +05:00 [INF] HTTP GET /js/Layout.js responded 304 in 177.3521 ms
2022-10-05 11:56:49.846 +05:00 [INF] Request finished HTTP/2 GET https://localhost:7154/css/StyleNew.css - - - 304 - text/css 435.0204ms
2022-10-05 11:56:49.857 +05:00 [INF] Request finished HTTP/2 GET https://localhost:7154/lib/Popper/popper.min.js - - - 304 - application/javascript 438.2784ms
2022-10-05 11:56:49.898 +05:00 [INF] Request finished HTTP/2 GET https://localhost:7154/js/Layout.js - - - 304 - application/javascript 340.9214ms
2022-10-05 11:56:50.122 +05:00 [INF] Request finished HTTP/2 GET https://localhost:7154/_vs/browserLink - - - 200 - text/javascript;+charset=UTF-8 564.5051ms
2022-10-05 11:56:57.933 +05:00 [INF] Request starting HTTP/2 GET https://localhost:7154/Account/Login - -
2022-10-05 11:56:58.006 +05:00 [INF] Executing endpoint 'FunFox.PortalSystem.Controllers.AccountController.Login (FunFox.PortalSystem)'
2022-10-05 11:56:58.027 +05:00 [INF] Route matched with {action = "Login", controller = "Account", page = "", area = ""}. Executing controller action with signature Microsoft.AspNetCore.Mvc.IActionResult Login(System.String) on controller FunFox.PortalSystem.Controllers.AccountController (FunFox.PortalSystem).
2022-10-05 16:52:28.385 +05:00 [INF] User profile is available. Using 'C:\Users\YasirIrfan\AppData\Local\ASP.NET\DataProtection-Keys' as key repository and Windows DPAPI to encrypt keys at rest.
2022-10-05 16:52:31.326 +05:00 [WRN] No store type was specified for the decimal property 'Price' on entity type 'PlantMaterial'. This will cause values to be silently truncated if they do not fit in the default precision and scale. Explicitly specify the SQL server column type that can accommodate all the values in 'OnModelCreating' using 'HasColumnType', specify precision and scale using 'HasPrecision', or configure a value converter using 'HasConversion'.
2022-10-05 16:52:31.770 +05:00 [INF] Entity Framework Core 6.0.9 initialized 'ApplicationDbContext' using provider 'Microsoft.EntityFrameworkCore.SqlServer:6.0.9' with options: QuerySplittingBehavior=SplitQuery 
2022-10-05 16:52:33.917 +05:00 [INF] Executed DbCommand (87ms) [Parameters=[], CommandType='"Text"', CommandTimeout='30']
SELECT 1
2022-10-05 16:52:34.046 +05:00 [INF] Executed DbCommand (59ms) [Parameters=[], CommandType='"Text"', CommandTimeout='30']
SELECT OBJECT_ID(N'[__EFMigrationsHistory]');
2022-10-05 16:52:34.117 +05:00 [INF] Executed DbCommand (8ms) [Parameters=[], CommandType='"Text"', CommandTimeout='30']
SELECT [MigrationId], [ProductVersion]
FROM [__EFMigrationsHistory]
ORDER BY [MigrationId];
2022-10-05 16:52:34.161 +05:00 [INF] Entity Framework Core 6.0.9 initialized 'ApplicationDbContext' using provider 'Microsoft.EntityFrameworkCore.SqlServer:6.0.9' with options: QuerySplittingBehavior=SplitQuery 
2022-10-05 16:52:35.512 +05:00 [INF] Executed DbCommand (145ms) [Parameters=[@__normalizedName_0='?' (Size = 256)], CommandType='"Text"', CommandTimeout='30']
SELECT TOP(1) [a].[Id], [a].[ConcurrencyStamp], [a].[Name], [a].[NormalizedName]
FROM [AspNetRoles] AS [a]
WHERE [a].[NormalizedName] = @__normalizedName_0
2022-10-05 16:52:35.805 +05:00 [INF] Executed DbCommand (3ms) [Parameters=[@__normalizedName_0='?' (Size = 256)], CommandType='"Text"', CommandTimeout='30']
SELECT TOP(1) [a].[Id], [a].[ConcurrencyStamp], [a].[Name], [a].[NormalizedName]
FROM [AspNetRoles] AS [a]
WHERE [a].[NormalizedName] = @__normalizedName_0
2022-10-05 16:52:35.860 +05:00 [INF] Executed DbCommand (5ms) [Parameters=[@__normalizedEmail_0='?' (Size = 256)], CommandType='"Text"', CommandTimeout='30']
SELECT TOP(2) [a].[Id], [a].[AccessFailedCount], [a].[ConcurrencyStamp], [a].[Email], [a].[EmailConfirmed], [a].[FirstName], [a].[LastName], [a].[LockoutEnabled], [a].[LockoutEnd], [a].[NormalizedEmail], [a].[NormalizedUserName], [a].[PasswordHash], [a].[PhoneNumber], [a].[PhoneNumberConfirmed], [a].[SecurityStamp], [a].[TwoFactorEnabled], [a].[UserName]
FROM [AspNetUsers] AS [a]
WHERE [a].[NormalizedEmail] = @__normalizedEmail_0
2022-10-05 16:52:35.958 +05:00 [INF] Executed DbCommand (2ms) [Parameters=[@__normalizedEmail_0='?' (Size = 256)], CommandType='"Text"', CommandTimeout='30']
SELECT TOP(2) [a].[Id], [a].[AccessFailedCount], [a].[ConcurrencyStamp], [a].[Email], [a].[EmailConfirmed], [a].[FirstName], [a].[LastName], [a].[LockoutEnabled], [a].[LockoutEnd], [a].[NormalizedEmail], [a].[NormalizedUserName], [a].[PasswordHash], [a].[PhoneNumber], [a].[PhoneNumberConfirmed], [a].[SecurityStamp], [a].[TwoFactorEnabled], [a].[UserName]
FROM [AspNetUsers] AS [a]
WHERE [a].[NormalizedEmail] = @__normalizedEmail_0
2022-10-05 16:52:36.088 +05:00 [INF] Entity Framework Core 6.0.9 initialized 'ApplicationDbContext' using provider 'Microsoft.EntityFrameworkCore.SqlServer:6.0.9' with options: QuerySplittingBehavior=SplitQuery 
2022-10-05 16:52:36.140 +05:00 [INF] Executed DbCommand (1ms) [Parameters=[], CommandType='"Text"', CommandTimeout='30']
SELECT [a].[Id], [a].[Category], [a].[Code], [a].[CommonName], [a].[ImportedOn], [a].[LatinName]
FROM [AllPlants] AS [a]
2022-10-05 16:52:36.735 +05:00 [INF] Now listening on: https://localhost:7154
2022-10-05 16:52:36.741 +05:00 [INF] Now listening on: http://localhost:5204
2022-10-05 16:52:36.757 +05:00 [INF] Application started. Press Ctrl+C to shut down.
2022-10-05 16:52:36.763 +05:00 [INF] Hosting environment: Development
2022-10-05 16:52:36.770 +05:00 [INF] Content root path: C:\Users\YasirIrfan\source\repos\proposal-management\FunFox.PortalSystem\
2022-10-05 16:52:38.096 +05:00 [INF] Request starting HTTP/2 GET https://localhost:7154/ - -
2022-10-05 16:52:38.459 +05:00 [INF] Entity Framework Core 6.0.9 initialized 'ApplicationDbContext' using provider 'Microsoft.EntityFrameworkCore.SqlServer:6.0.9' with options: QuerySplittingBehavior=SplitQuery 
2022-10-05 16:52:38.566 +05:00 [INF] Executed DbCommand (15ms) [Parameters=[@__p_0='?' (Size = 450)], CommandType='"Text"', CommandTimeout='30']
SELECT TOP(1) [a].[Id], [a].[AccessFailedCount], [a].[ConcurrencyStamp], [a].[Email], [a].[EmailConfirmed], [a].[FirstName], [a].[LastName], [a].[LockoutEnabled], [a].[LockoutEnd], [a].[NormalizedEmail], [a].[NormalizedUserName], [a].[PasswordHash], [a].[PhoneNumber], [a].[PhoneNumberConfirmed], [a].[SecurityStamp], [a].[TwoFactorEnabled], [a].[UserName]
FROM [AspNetUsers] AS [a]
WHERE [a].[Id] = @__p_0
2022-10-05 16:52:38.790 +05:00 [INF] Executed DbCommand (5ms) [Parameters=[@__user_Id_0='?' (Size = 450)], CommandType='"Text"', CommandTimeout='30']
SELECT [a].[Id], [a].[ClaimType], [a].[ClaimValue], [a].[UserId]
FROM [AspNetUserClaims] AS [a]
WHERE [a].[UserId] = @__user_Id_0
2022-10-05 16:52:38.916 +05:00 [INF] Executed DbCommand (5ms) [Parameters=[@__userId_0='?' (Size = 450)], CommandType='"Text"', CommandTimeout='30']
SELECT [a0].[Name]
FROM [AspNetUserRoles] AS [a]
INNER JOIN [AspNetRoles] AS [a0] ON [a].[RoleId] = [a0].[Id]
WHERE [a].[UserId] = @__userId_0
2022-10-05 16:52:38.936 +05:00 [INF] Executed DbCommand (2ms) [Parameters=[@__normalizedName_0='?' (Size = 256)], CommandType='"Text"', CommandTimeout='30']
SELECT TOP(1) [a].[Id], [a].[ConcurrencyStamp], [a].[Name], [a].[NormalizedName]
FROM [AspNetRoles] AS [a]
WHERE [a].[NormalizedName] = @__normalizedName_0
2022-10-05 16:52:38.973 +05:00 [INF] Executed DbCommand (4ms) [Parameters=[@__role_Id_0='?' (Size = 450)], CommandType='"Text"', CommandTimeout='30']
SELECT [a].[ClaimType], [a].[ClaimValue]
FROM [AspNetRoleClaims] AS [a]
WHERE [a].[RoleId] = @__role_Id_0
2022-10-05 16:52:39.030 +05:00 [INF] Executing endpoint 'FunFox.PortalSystem.Controllers.DashboardsController.Dashboard_1 (FunFox.PortalSystem)'
2022-10-05 16:52:39.063 +05:00 [INF] Route matched with {action = "Dashboard_1", controller = "Dashboards", page = "", area = ""}. Executing controller action with signature Microsoft.AspNetCore.Mvc.IActionResult Dashboard_1() on controller FunFox.PortalSystem.Controllers.DashboardsController (FunFox.PortalSystem).
2022-10-05 16:52:39.091 +05:00 [INF] Executing ViewResult, running view Dashboard_1.
2022-10-05 16:52:39.421 +05:00 [INF] Executed DbCommand (4ms) [Parameters=[@__normalizedUserName_0='?' (Size = 256)], CommandType='"Text"', CommandTimeout='30']
SELECT TOP(1) [a].[Id], [a].[AccessFailedCount], [a].[ConcurrencyStamp], [a].[Email], [a].[EmailConfirmed], [a].[FirstName], [a].[LastName], [a].[LockoutEnabled], [a].[LockoutEnd], [a].[NormalizedEmail], [a].[NormalizedUserName], [a].[PasswordHash], [a].[PhoneNumber], [a].[PhoneNumberConfirmed], [a].[SecurityStamp], [a].[TwoFactorEnabled], [a].[UserName]
FROM [AspNetUsers] AS [a]
WHERE [a].[NormalizedUserName] = @__normalizedUserName_0
2022-10-05 16:52:40.149 +05:00 [INF] Executed ViewResult - view Dashboard_1 executed in 1055.3126ms.
2022-10-05 16:52:40.173 +05:00 [INF] Executed action FunFox.PortalSystem.Controllers.DashboardsController.Dashboard_1 (FunFox.PortalSystem) in 1097.5507ms
2022-10-05 16:52:40.182 +05:00 [INF] Executed endpoint 'FunFox.PortalSystem.Controllers.DashboardsController.Dashboard_1 (FunFox.PortalSystem)'
2022-10-05 16:52:40.201 +05:00 [INF] HTTP GET / responded 200 in 1961.0461 ms
2022-10-05 16:52:40.509 +05:00 [INF] Request starting HTTP/2 GET https://localhost:7154/css/StyleNew.css - -
2022-10-05 16:52:40.509 +05:00 [INF] Request starting HTTP/2 GET https://localhost:7154/css/style.css?v=46ORBesdec5GfSfFrQJoJ10AldDMS3I7Pb_OsHk0e84 - -
2022-10-05 16:52:40.514 +05:00 [INF] Request finished HTTP/2 GET https://localhost:7154/ - - - 200 - text/html;+charset=utf-8 2427.9503ms
2022-10-05 16:52:40.541 +05:00 [INF] The file /css/style.css was not modified
2022-10-05 16:52:40.541 +05:00 [INF] The file /css/StyleNew.css was not modified
2022-10-05 16:52:40.763 +05:00 [INF] Request starting HTTP/2 GET https://localhost:7154/js/Layout.js - -
2022-10-05 16:52:40.835 +05:00 [INF] HTTP GET /css/style.css responded 304 in 299.3889 ms
2022-10-05 16:52:40.845 +05:00 [INF] HTTP GET /css/StyleNew.css responded 304 in 316.4568 ms
2022-10-05 16:52:40.851 +05:00 [INF] The file /js/Layout.js was not modified
2022-10-05 16:52:40.859 +05:00 [INF] Request finished HTTP/2 GET https://localhost:7154/css/style.css?v=46ORBesdec5GfSfFrQJoJ10AldDMS3I7Pb_OsHk0e84 - - - 304 - text/css 350.3306ms
2022-10-05 16:52:40.866 +05:00 [INF] Request finished HTTP/2 GET https://localhost:7154/css/StyleNew.css - - - 304 - text/css 356.7597ms
2022-10-05 16:52:40.877 +05:00 [INF] Request starting HTTP/2 GET https://localhost:7154/_framework/aspnetcore-browser-refresh.js - -
2022-10-05 16:52:40.871 +05:00 [INF] HTTP GET /js/Layout.js responded 304 in 20.6449 ms
2022-10-05 16:52:40.882 +05:00 [INF] Request starting HTTP/2 GET https://localhost:7154/images/preloader.gif - -
2022-10-05 16:52:40.905 +05:00 [INF] Request finished HTTP/2 GET https://localhost:7154/_framework/aspnetcore-browser-refresh.js - - - 200 12028 application/javascript;+charset=utf-8 27.8912ms
2022-10-05 16:52:40.916 +05:00 [INF] Request finished HTTP/2 GET https://localhost:7154/js/Layout.js - - - 304 - application/javascript 152.2197ms
2022-10-05 16:52:40.920 +05:00 [INF] The file /images/preloader.gif was not modified
2022-10-05 16:52:40.795 +05:00 [INF] Request starting HTTP/2 GET https://localhost:7154/lib/Popper/popper.min.js - -
2022-10-05 16:52:40.929 +05:00 [INF] Request starting HTTP/2 GET https://localhost:7154/_vs/browserLink - -
2022-10-05 16:52:40.951 +05:00 [INF] HTTP GET /images/preloader.gif responded 304 in 30.6442 ms
2022-10-05 16:52:40.961 +05:00 [INF] The file /lib/Popper/popper.min.js was not modified
2022-10-05 16:52:40.984 +05:00 [INF] Request finished HTTP/2 GET https://localhost:7154/images/preloader.gif - - - 304 - image/gif 101.8381ms
2022-10-05 16:52:40.989 +05:00 [INF] HTTP GET /lib/Popper/popper.min.js responded 304 in 28.5454 ms
2022-10-05 16:52:41.005 +05:00 [INF] Request finished HTTP/2 GET https://localhost:7154/lib/Popper/popper.min.js - - - 304 - application/javascript 213.8978ms
2022-10-05 16:52:41.112 +05:00 [INF] Request finished HTTP/2 GET https://localhost:7154/_vs/browserLink - - - 200 - text/javascript;+charset=UTF-8 182.8636ms
2022-10-05 16:52:56.020 +05:00 [INF] Request starting HTTP/2 GET https://localhost:7154/Plant/Index - -
2022-10-05 16:52:56.036 +05:00 [INF] Executing endpoint 'FunFox.PortalSystem.Controllers.PlantController.Index (FunFox.PortalSystem)'
2022-10-05 16:52:56.051 +05:00 [INF] Route matched with {action = "Index", controller = "Plant", page = "", area = ""}. Executing controller action with signature System.Threading.Tasks.Task`1[Microsoft.AspNetCore.Mvc.ActionResult] Index() on controller FunFox.PortalSystem.Controllers.PlantController (FunFox.PortalSystem).
2022-10-05 16:53:49.954 +05:00 [INF] Entity Framework Core 6.0.9 initialized 'ApplicationDbContext' using provider 'Microsoft.EntityFrameworkCore.SqlServer:6.0.9' with options: QuerySplittingBehavior=SplitQuery 
2022-10-05 16:54:03.161 +05:00 [INF] Executed DbCommand (1ms) [Parameters=[], CommandType='"Text"', CommandTimeout='30']
SELECT [a].[Id], [a].[Category], [a].[Code], [a].[CommonName], [a].[ImportedOn], [a].[LatinName]
FROM [AllPlants] AS [a]
2022-10-05 16:55:26.447 +05:00 [INF] Executed DbCommand (6ms) [Parameters=[], CommandType='"Text"', CommandTimeout='30']
SELECT [a].[Id], [a].[Category], [a].[Code], [a].[CommonName], [a].[ImportedOn], [a].[LatinName]
FROM [AllPlants] AS [a]
