2024-02-03 00:00:07.583 +05:00 [INF] Request starting HTTP/2 POST https://localhost:7154/Account/Logout?returnUrl=%2F application/x-www-form-urlencoded 225
2024-02-03 00:00:07.644 +05:00 [INF] Executing endpoint 'FunFox.PortalSystem.Controllers.AccountController.Logout (FunFox.PortalSystem)'
2024-02-03 00:00:07.663 +05:00 [INF] Route matched with {action = "Logout", controller = "Account", page = "", area = ""}. Executing controller action with signature System.Threading.Tasks.Task`1[Microsoft.AspNetCore.Mvc.IActionResult] Logout(System.String) on controller FunFox.PortalSystem.Controllers.AccountController (FunFox.PortalSystem).
2024-02-03 00:00:07.684 +05:00 [INF] AuthenticationScheme: Identity.Application signed out.
2024-02-03 00:00:07.694 +05:00 [INF] AuthenticationScheme: Identity.External signed out.
2024-02-03 00:00:07.701 +05:00 [INF] AuthenticationScheme: Identity.TwoFactorUserId signed out.
2024-02-03 00:00:07.709 +05:00 [INF] User logged out.
2024-02-03 00:00:07.716 +05:00 [INF] Executing LocalRedirectResult, redirecting to /.
2024-02-03 00:00:07.722 +05:00 [INF] Executed action FunFox.PortalSystem.Controllers.AccountController.Logout (FunFox.PortalSystem) in 51.5919ms
2024-02-03 00:00:07.730 +05:00 [INF] Executed endpoint 'FunFox.PortalSystem.Controllers.AccountController.Logout (FunFox.PortalSystem)'
2024-02-03 00:00:07.736 +05:00 [INF] HTTP POST /Account/Logout responded 302 in 93.2045 ms
2024-02-03 00:00:07.744 +05:00 [INF] Request finished HTTP/2 POST https://localhost:7154/Account/Logout?returnUrl=%2F application/x-www-form-urlencoded 225 - 302 0 - 161.3648ms
2024-02-03 00:00:07.756 +05:00 [INF] Request starting HTTP/2 GET https://localhost:7154/ - -
2024-02-03 00:00:07.767 +05:00 [INF] Authorization failed. These requirements were not met:
DenyAnonymousAuthorizationRequirement: Requires an authenticated user.
2024-02-03 00:00:07.777 +05:00 [INF] AuthenticationScheme: Identity.Application was challenged.
2024-02-03 00:00:07.785 +05:00 [INF] HTTP GET / responded 302 in 18.6935 ms
2024-02-03 00:00:07.797 +05:00 [INF] Request finished HTTP/2 GET https://localhost:7154/ - - - 302 0 - 41.9666ms
2024-02-03 00:00:07.804 +05:00 [INF] Request starting HTTP/2 GET https://localhost:7154/Account/Login?ReturnUrl=%2F - -
2024-02-03 00:00:07.816 +05:00 [INF] Executing endpoint 'FunFox.PortalSystem.Controllers.AccountController.Login (FunFox.PortalSystem)'
2024-02-03 00:00:07.826 +05:00 [INF] Route matched with {action = "Login", controller = "Account", page = "", area = ""}. Executing controller action with signature Microsoft.AspNetCore.Mvc.IActionResult Login(System.String) on controller FunFox.PortalSystem.Controllers.AccountController (FunFox.PortalSystem).
2024-02-03 00:00:07.840 +05:00 [INF] Executing ViewResult, running view Login.
2024-02-03 00:00:07.851 +05:00 [INF] Executed ViewResult - view Login executed in 12.7498ms.
2024-02-03 00:00:07.863 +05:00 [INF] Executed action FunFox.PortalSystem.Controllers.AccountController.Login (FunFox.PortalSystem) in 26.4523ms
2024-02-03 00:00:07.877 +05:00 [INF] Executed endpoint 'FunFox.PortalSystem.Controllers.AccountController.Login (FunFox.PortalSystem)'
2024-02-03 00:00:07.882 +05:00 [INF] HTTP GET /Account/Login responded 200 in 65.5169 ms
2024-02-03 00:00:07.898 +05:00 [INF] Request starting HTTP/2 GET https://localhost:7154/_framework/aspnetcore-browser-refresh.js - -
2024-02-03 00:00:07.910 +05:00 [INF] Request starting HTTP/2 GET https://localhost:7154/_vs/browserLink - -
2024-02-03 00:00:07.922 +05:00 [INF] Request finished HTTP/2 GET https://localhost:7154/Account/Login?ReturnUrl=%2F - - - 200 - text/html;+charset=utf-8 117.9436ms
2024-02-03 00:00:07.930 +05:00 [INF] Request finished HTTP/2 GET https://localhost:7154/_framework/aspnetcore-browser-refresh.js - - - 200 13794 application/javascript;+charset=utf-8 34.4192ms
2024-02-03 00:00:07.952 +05:00 [INF] Request finished HTTP/2 GET https://localhost:7154/_vs/browserLink - - - 200 - text/javascript;+charset=UTF-8 42.0949ms
2024-02-03 00:01:04.857 +05:00 [INF] Request starting HTTP/2 POST https://localhost:7154/Account/Login?returnurl=%2F application/x-www-form-urlencoded 227
2024-02-03 00:01:04.896 +05:00 [INF] Executing endpoint 'FunFox.PortalSystem.Controllers.AccountController.Login (FunFox.PortalSystem)'
2024-02-03 00:01:04.904 +05:00 [INF] Route matched with {action = "Login", controller = "Account", page = "", area = ""}. Executing controller action with signature System.Threading.Tasks.Task`1[Microsoft.AspNetCore.Mvc.IActionResult] Login(FunFox.PortalSystem.Domain.ViewModels.Accounts.LoginViewModel, System.String) on controller FunFox.PortalSystem.Controllers.AccountController (FunFox.PortalSystem).
2024-02-03 00:01:04.916 +05:00 [INF] Entity Framework Core 6.0.9 initialized 'ApplicationDbContext' using provider 'Microsoft.EntityFrameworkCore.SqlServer:6.0.9' with options: QuerySplittingBehavior=SplitQuery 
2024-02-03 00:01:04.929 +05:00 [INF] Executed DbCommand (2ms) [Parameters=[@__normalizedUserName_0='?' (Size = 256)], CommandType='"Text"', CommandTimeout='30']
SELECT TOP(1) [a].[Id], [a].[AccessFailedCount], [a].[ConcurrencyStamp], [a].[Email], [a].[EmailConfirmed], [a].[FirstName], [a].[LastName], [a].[LockoutEnabled], [a].[LockoutEnd], [a].[NormalizedEmail], [a].[NormalizedUserName], [a].[PasswordHash], [a].[PhoneNumber], [a].[PhoneNumberConfirmed], [a].[SecurityStamp], [a].[TwoFactorEnabled], [a].[UserName]
FROM [AspNetUsers] AS [a]
WHERE [a].[NormalizedUserName] = @__normalizedUserName_0
2024-02-03 00:01:04.952 +05:00 [INF] Executed DbCommand (3ms) [Parameters=[@__user_Id_0='?' (Size = 450)], CommandType='"Text"', CommandTimeout='30']
SELECT [a].[Id], [a].[ClaimType], [a].[ClaimValue], [a].[UserId]
FROM [AspNetUserClaims] AS [a]
WHERE [a].[UserId] = @__user_Id_0
2024-02-03 00:01:04.966 +05:00 [INF] Executed DbCommand (2ms) [Parameters=[@__userId_0='?' (Size = 450)], CommandType='"Text"', CommandTimeout='30']
SELECT [a0].[Name]
FROM [AspNetUserRoles] AS [a]
INNER JOIN [AspNetRoles] AS [a0] ON [a].[RoleId] = [a0].[Id]
WHERE [a].[UserId] = @__userId_0
2024-02-03 00:01:04.979 +05:00 [INF] Executed DbCommand (2ms) [Parameters=[@__normalizedName_0='?' (Size = 256)], CommandType='"Text"', CommandTimeout='30']
SELECT TOP(1) [a].[Id], [a].[ConcurrencyStamp], [a].[Name], [a].[NormalizedName]
FROM [AspNetRoles] AS [a]
WHERE [a].[NormalizedName] = @__normalizedName_0
2024-02-03 00:01:04.992 +05:00 [INF] Executed DbCommand (2ms) [Parameters=[@__role_Id_0='?' (Size = 450)], CommandType='"Text"', CommandTimeout='30']
SELECT [a].[ClaimType], [a].[ClaimValue]
FROM [AspNetRoleClaims] AS [a]
WHERE [a].[RoleId] = @__role_Id_0
2024-02-03 00:01:05.001 +05:00 [INF] AuthenticationScheme: Identity.Application signed in.
2024-02-03 00:01:05.011 +05:00 [INF] User logged in.
2024-02-03 00:01:05.017 +05:00 [INF] Executing LocalRedirectResult, redirecting to /.
2024-02-03 00:01:05.026 +05:00 [INF] Executed action FunFox.PortalSystem.Controllers.AccountController.Login (FunFox.PortalSystem) in 112.3735ms
2024-02-03 00:01:05.031 +05:00 [INF] Executed endpoint 'FunFox.PortalSystem.Controllers.AccountController.Login (FunFox.PortalSystem)'
2024-02-03 00:01:05.037 +05:00 [INF] HTTP POST /Account/Login responded 302 in 141.0685 ms
2024-02-03 00:01:05.045 +05:00 [INF] Request finished HTTP/2 POST https://localhost:7154/Account/Login?returnurl=%2F application/x-www-form-urlencoded 227 - 302 0 - 187.1558ms
2024-02-03 00:01:05.060 +05:00 [INF] Request starting HTTP/2 GET https://localhost:7154/ - -
2024-02-03 00:01:05.068 +05:00 [INF] Executing endpoint 'FunFox.PortalSystem.Controllers.DashboardsController.Dashboard_1 (FunFox.PortalSystem)'
2024-02-03 00:01:05.076 +05:00 [INF] Route matched with {action = "Dashboard_1", controller = "Dashboards", page = "", area = ""}. Executing controller action with signature Microsoft.AspNetCore.Mvc.IActionResult Dashboard_1() on controller FunFox.PortalSystem.Controllers.DashboardsController (FunFox.PortalSystem).
2024-02-03 00:01:05.086 +05:00 [INF] Executing ViewResult, running view Dashboard_1.
2024-02-03 00:01:05.097 +05:00 [INF] Entity Framework Core 6.0.9 initialized 'ApplicationDbContext' using provider 'Microsoft.EntityFrameworkCore.SqlServer:6.0.9' with options: QuerySplittingBehavior=SplitQuery 
2024-02-03 00:01:05.112 +05:00 [INF] Executed DbCommand (3ms) [Parameters=[@__normalizedUserName_0='?' (Size = 256)], CommandType='"Text"', CommandTimeout='30']
SELECT TOP(1) [a].[Id], [a].[AccessFailedCount], [a].[ConcurrencyStamp], [a].[Email], [a].[EmailConfirmed], [a].[FirstName], [a].[LastName], [a].[LockoutEnabled], [a].[LockoutEnd], [a].[NormalizedEmail], [a].[NormalizedUserName], [a].[PasswordHash], [a].[PhoneNumber], [a].[PhoneNumberConfirmed], [a].[SecurityStamp], [a].[TwoFactorEnabled], [a].[UserName]
FROM [AspNetUsers] AS [a]
WHERE [a].[NormalizedUserName] = @__normalizedUserName_0
2024-02-03 00:01:05.129 +05:00 [INF] Executed ViewResult - view Dashboard_1 executed in 42.7607ms.
2024-02-03 00:01:05.136 +05:00 [INF] Executed action FunFox.PortalSystem.Controllers.DashboardsController.Dashboard_1 (FunFox.PortalSystem) in 49.5768ms
2024-02-03 00:01:05.144 +05:00 [INF] Executed endpoint 'FunFox.PortalSystem.Controllers.DashboardsController.Dashboard_1 (FunFox.PortalSystem)'
2024-02-03 00:01:05.150 +05:00 [INF] HTTP GET / responded 200 in 82.4329 ms
2024-02-03 00:01:05.164 +05:00 [INF] Request finished HTTP/2 GET https://localhost:7154/ - - - 200 - text/html;+charset=utf-8 104.0566ms
2024-02-03 00:01:05.173 +05:00 [INF] Request starting HTTP/2 GET https://localhost:7154/_framework/aspnetcore-browser-refresh.js - -
2024-02-03 00:01:05.179 +05:00 [INF] Request starting HTTP/2 GET https://localhost:7154/_vs/browserLink - -
2024-02-03 00:01:05.213 +05:00 [INF] Request finished HTTP/2 GET https://localhost:7154/_framework/aspnetcore-browser-refresh.js - - - 200 13794 application/javascript;+charset=utf-8 39.9588ms
2024-02-03 00:01:05.229 +05:00 [INF] Request finished HTTP/2 GET https://localhost:7154/_vs/browserLink - - - 200 - text/javascript;+charset=UTF-8 50.4988ms
2024-02-03 00:01:05.387 +05:00 [INF] Request starting HTTP/2 GET https://localhost:7154/lib/Popper/popper.min.js.map - -
2024-02-03 00:01:05.394 +05:00 [INF] HTTP GET /lib/Popper/popper.min.js.map responded 404 in 1.3963 ms
2024-02-03 00:01:05.406 +05:00 [INF] Request finished HTTP/2 GET https://localhost:7154/lib/Popper/popper.min.js.map - - - 404 0 - 18.9564ms
2024-02-03 00:01:05.458 +05:00 [INF] Request starting HTTP/2 GET https://localhost:7154/lib/Popper/popper.min.js.map - -
2024-02-03 00:01:05.466 +05:00 [INF] HTTP GET /lib/Popper/popper.min.js.map responded 404 in 1.1828 ms
2024-02-03 00:01:05.477 +05:00 [INF] Request finished HTTP/2 GET https://localhost:7154/lib/Popper/popper.min.js.map - - - 404 0 - 18.9427ms
2024-02-03 00:01:05.575 +05:00 [INF] Request starting HTTP/2 GET https://localhost:7154/lib/dataTables/pdfmake.min.js.map - -
2024-02-03 00:01:05.606 +05:00 [INF] HTTP GET /lib/dataTables/pdfmake.min.js.map responded 404 in 0.8418 ms
2024-02-03 00:01:05.613 +05:00 [INF] Request finished HTTP/2 GET https://localhost:7154/lib/dataTables/pdfmake.min.js.map - - - 404 0 - 38.3091ms
2024-02-03 00:05:43.411 +05:00 [INF] Request starting HTTP/2 GET https://localhost:7154/Plant/Index - -
2024-02-03 00:05:43.463 +05:00 [INF] Executing endpoint 'FunFox.PortalSystem.Controllers.PlantController.Index (FunFox.PortalSystem)'
2024-02-03 00:05:43.470 +05:00 [INF] Route matched with {action = "Index", controller = "Plant", page = "", area = ""}. Executing controller action with signature System.Threading.Tasks.Task`1[Microsoft.AspNetCore.Mvc.ActionResult] Index() on controller FunFox.PortalSystem.Controllers.PlantController (FunFox.PortalSystem).
2024-02-03 00:05:43.479 +05:00 [INF] Entity Framework Core 6.0.9 initialized 'ApplicationDbContext' using provider 'Microsoft.EntityFrameworkCore.SqlServer:6.0.9' with options: QuerySplittingBehavior=SplitQuery 
2024-02-03 00:05:43.492 +05:00 [INF] Executed DbCommand (3ms) [Parameters=[], CommandType='"Text"', CommandTimeout='30']
SELECT [a].[Id], [a].[Category], [a].[Code], [a].[CommonName], [a].[ImportedOn], [a].[LatinName]
FROM [AllPlants] AS [a]
2024-02-03 00:05:43.507 +05:00 [INF] Executed DbCommand (2ms) [Parameters=[], CommandType='"Text"', CommandTimeout='30']
SELECT [a].[Id], [a].[Category], [a].[Code], [a].[CommonName], [a].[ImportedOn], [a].[LatinName]
FROM [AllPlants] AS [a]
2024-02-03 00:05:43.517 +05:00 [INF] Executing ViewResult, running view Index.
2024-02-03 00:05:43.533 +05:00 [INF] Executed DbCommand (3ms) [Parameters=[@__normalizedUserName_0='?' (Size = 256)], CommandType='"Text"', CommandTimeout='30']
SELECT TOP(1) [a].[Id], [a].[AccessFailedCount], [a].[ConcurrencyStamp], [a].[Email], [a].[EmailConfirmed], [a].[FirstName], [a].[LastName], [a].[LockoutEnabled], [a].[LockoutEnd], [a].[NormalizedEmail], [a].[NormalizedUserName], [a].[PasswordHash], [a].[PhoneNumber], [a].[PhoneNumberConfirmed], [a].[SecurityStamp], [a].[TwoFactorEnabled], [a].[UserName]
FROM [AspNetUsers] AS [a]
WHERE [a].[NormalizedUserName] = @__normalizedUserName_0
2024-02-03 00:05:43.550 +05:00 [INF] Executed ViewResult - view Index executed in 33.3822ms.
2024-02-03 00:05:43.560 +05:00 [INF] Executed action FunFox.PortalSystem.Controllers.PlantController.Index (FunFox.PortalSystem) in 81.8674ms
2024-02-03 00:05:43.568 +05:00 [INF] Executed endpoint 'FunFox.PortalSystem.Controllers.PlantController.Index (FunFox.PortalSystem)'
2024-02-03 00:05:43.576 +05:00 [INF] HTTP GET /Plant/Index responded 200 in 114.3916 ms
2024-02-03 00:05:43.583 +05:00 [INF] Request finished HTTP/2 GET https://localhost:7154/Plant/Index - - - 200 - text/html;+charset=utf-8 172.7535ms
2024-02-03 00:05:43.603 +05:00 [INF] Request starting HTTP/2 GET https://localhost:7154/css/StyleNew/StyleNew.css - -
2024-02-03 00:05:43.613 +05:00 [INF] Request starting HTTP/2 GET https://localhost:7154/_framework/aspnetcore-browser-refresh.js - -
2024-02-03 00:05:43.621 +05:00 [INF] Request starting HTTP/2 GET https://localhost:7154/_vs/browserLink - -
2024-02-03 00:05:43.639 +05:00 [INF] HTTP GET /css/StyleNew/StyleNew.css responded 404 in 19.0008 ms
2024-02-03 00:05:43.644 +05:00 [INF] Request finished HTTP/2 GET https://localhost:7154/_framework/aspnetcore-browser-refresh.js - - - 200 13794 application/javascript;+charset=utf-8 30.5227ms
2024-02-03 00:05:43.667 +05:00 [INF] Request finished HTTP/2 GET https://localhost:7154/css/StyleNew/StyleNew.css - - - 404 0 - 64.1859ms
2024-02-03 00:05:43.676 +05:00 [INF] Request finished HTTP/2 GET https://localhost:7154/_vs/browserLink - - - 200 - text/javascript;+charset=UTF-8 55.6293ms
2024-02-03 00:05:43.768 +05:00 [INF] Request starting HTTP/2 GET https://localhost:7154/lib/blueimp-gallery/js/popper.min.js.map - -
2024-02-03 00:05:43.774 +05:00 [INF] HTTP GET /lib/blueimp-gallery/js/popper.min.js.map responded 404 in 1.1067 ms
2024-02-03 00:05:43.785 +05:00 [INF] Request finished HTTP/2 GET https://localhost:7154/lib/blueimp-gallery/js/popper.min.js.map - - - 404 0 - 16.8017ms
2024-02-03 00:05:43.830 +05:00 [INF] Request starting HTTP/2 GET https://localhost:7154/lib/Popper/popper.min.js.map - -
2024-02-03 00:05:43.836 +05:00 [INF] HTTP GET /lib/Popper/popper.min.js.map responded 404 in 0.7705 ms
2024-02-03 00:05:43.846 +05:00 [INF] Request finished HTTP/2 GET https://localhost:7154/lib/Popper/popper.min.js.map - - - 404 0 - 16.1985ms
2024-02-03 00:05:43.918 +05:00 [INF] Request starting HTTP/2 GET https://localhost:7154/lib/Popper/popper.min.js.map - -
2024-02-03 00:05:43.936 +05:00 [INF] HTTP GET /lib/Popper/popper.min.js.map responded 404 in 0.8660 ms
2024-02-03 00:05:43.949 +05:00 [INF] Request finished HTTP/2 GET https://localhost:7154/lib/Popper/popper.min.js.map - - - 404 0 - 31.8448ms
2024-02-03 00:05:44.049 +05:00 [INF] Request starting HTTP/2 GET https://localhost:7154/lib/dataTables/pdfmake.min.js.map - -
2024-02-03 00:05:44.055 +05:00 [INF] HTTP GET /lib/dataTables/pdfmake.min.js.map responded 404 in 1.0353 ms
2024-02-03 00:05:44.064 +05:00 [INF] Request finished HTTP/2 GET https://localhost:7154/lib/dataTables/pdfmake.min.js.map - - - 404 0 - 15.1161ms
2024-02-03 00:06:15.987 +05:00 [INF] Request starting HTTP/2 GET https://localhost:7154/Plant/Index - -
2024-02-03 00:06:15.998 +05:00 [INF] Executing endpoint 'FunFox.PortalSystem.Controllers.PlantController.Index (FunFox.PortalSystem)'
2024-02-03 00:06:16.005 +05:00 [INF] Route matched with {action = "Index", controller = "Plant", page = "", area = ""}. Executing controller action with signature System.Threading.Tasks.Task`1[Microsoft.AspNetCore.Mvc.ActionResult] Index() on controller FunFox.PortalSystem.Controllers.PlantController (FunFox.PortalSystem).
2024-02-03 00:06:16.017 +05:00 [INF] Entity Framework Core 6.0.9 initialized 'ApplicationDbContext' using provider 'Microsoft.EntityFrameworkCore.SqlServer:6.0.9' with options: QuerySplittingBehavior=SplitQuery 
2024-02-03 00:06:16.032 +05:00 [INF] Executed DbCommand (5ms) [Parameters=[], CommandType='"Text"', CommandTimeout='30']
SELECT [a].[Id], [a].[Category], [a].[Code], [a].[CommonName], [a].[ImportedOn], [a].[LatinName]
FROM [AllPlants] AS [a]
2024-02-03 00:06:16.062 +05:00 [INF] Executed DbCommand (3ms) [Parameters=[], CommandType='"Text"', CommandTimeout='30']
SELECT [a].[Id], [a].[Category], [a].[Code], [a].[CommonName], [a].[ImportedOn], [a].[LatinName]
FROM [AllPlants] AS [a]
2024-02-03 00:06:16.074 +05:00 [INF] Executing ViewResult, running view Index.
2024-02-03 00:06:16.089 +05:00 [INF] Executed DbCommand (2ms) [Parameters=[@__normalizedUserName_0='?' (Size = 256)], CommandType='"Text"', CommandTimeout='30']
SELECT TOP(1) [a].[Id], [a].[AccessFailedCount], [a].[ConcurrencyStamp], [a].[Email], [a].[EmailConfirmed], [a].[FirstName], [a].[LastName], [a].[LockoutEnabled], [a].[LockoutEnd], [a].[NormalizedEmail], [a].[NormalizedUserName], [a].[PasswordHash], [a].[PhoneNumber], [a].[PhoneNumberConfirmed], [a].[SecurityStamp], [a].[TwoFactorEnabled], [a].[UserName]
FROM [AspNetUsers] AS [a]
WHERE [a].[NormalizedUserName] = @__normalizedUserName_0
2024-02-03 00:06:16.107 +05:00 [INF] Executed ViewResult - view Index executed in 32.6877ms.
2024-02-03 00:06:16.114 +05:00 [INF] Executed action FunFox.PortalSystem.Controllers.PlantController.Index (FunFox.PortalSystem) in 97.8679ms
2024-02-03 00:06:16.121 +05:00 [INF] Executed endpoint 'FunFox.PortalSystem.Controllers.PlantController.Index (FunFox.PortalSystem)'
2024-02-03 00:06:16.165 +05:00 [INF] HTTP GET /Plant/Index responded 200 in 167.6707 ms
2024-02-03 00:06:16.175 +05:00 [INF] Request starting HTTP/2 GET https://localhost:7154/_framework/aspnetcore-browser-refresh.js - -
2024-02-03 00:06:16.181 +05:00 [INF] Request starting HTTP/2 GET https://localhost:7154/_vs/browserLink - -
2024-02-03 00:06:16.178 +05:00 [INF] Request starting HTTP/2 GET https://localhost:7154/css/StyleNew/StyleNew.css - -
2024-02-03 00:06:16.229 +05:00 [INF] Request finished HTTP/2 GET https://localhost:7154/_framework/aspnetcore-browser-refresh.js - - - 200 13794 application/javascript;+charset=utf-8 55.4495ms
2024-02-03 00:06:16.198 +05:00 [INF] Request finished HTTP/2 GET https://localhost:7154/Plant/Index - - - 200 - text/html;+charset=utf-8 211.2267ms
2024-02-03 00:06:16.249 +05:00 [INF] HTTP GET /css/StyleNew/StyleNew.css responded 404 in 11.0607 ms
2024-02-03 00:06:16.259 +05:00 [INF] Request finished HTTP/2 GET https://localhost:7154/_vs/browserLink - - - 200 - text/javascript;+charset=UTF-8 77.5205ms
2024-02-03 00:06:16.266 +05:00 [INF] Request finished HTTP/2 GET https://localhost:7154/css/StyleNew/StyleNew.css - - - 404 0 - 88.2912ms
2024-02-03 00:06:16.322 +05:00 [INF] Request starting HTTP/2 GET https://localhost:7154/lib/blueimp-gallery/js/popper.min.js.map - -
2024-02-03 00:06:16.331 +05:00 [INF] HTTP GET /lib/blueimp-gallery/js/popper.min.js.map responded 404 in 1.1070 ms
2024-02-03 00:06:16.340 +05:00 [INF] Request finished HTTP/2 GET https://localhost:7154/lib/blueimp-gallery/js/popper.min.js.map - - - 404 0 - 17.5225ms
2024-02-03 00:06:16.374 +05:00 [INF] Request starting HTTP/2 GET https://localhost:7154/lib/Popper/popper.min.js.map - -
2024-02-03 00:06:16.382 +05:00 [INF] HTTP GET /lib/Popper/popper.min.js.map responded 404 in 1.7070 ms
2024-02-03 00:06:16.389 +05:00 [INF] Request finished HTTP/2 GET https://localhost:7154/lib/Popper/popper.min.js.map - - - 404 0 - 16.6028ms
2024-02-03 00:06:16.455 +05:00 [INF] Request starting HTTP/2 GET https://localhost:7154/lib/Popper/popper.min.js.map - -
2024-02-03 00:06:16.463 +05:00 [INF] HTTP GET /lib/Popper/popper.min.js.map responded 404 in 0.6520 ms
2024-02-03 00:06:16.474 +05:00 [INF] Request finished HTTP/2 GET https://localhost:7154/lib/Popper/popper.min.js.map - - - 404 0 - 18.3167ms
2024-02-03 00:06:16.598 +05:00 [INF] Request starting HTTP/2 GET https://localhost:7154/lib/dataTables/pdfmake.min.js.map - -
2024-02-03 00:06:16.607 +05:00 [INF] HTTP GET /lib/dataTables/pdfmake.min.js.map responded 404 in 1.6206 ms
2024-02-03 00:06:16.614 +05:00 [INF] Request finished HTTP/2 GET https://localhost:7154/lib/dataTables/pdfmake.min.js.map - - - 404 0 - 15.6967ms
2024-02-03 00:06:27.760 +05:00 [INF] Request starting HTTP/2 GET https://localhost:7154/Plant/Index - -
2024-02-03 00:06:27.771 +05:00 [INF] Executing endpoint 'FunFox.PortalSystem.Controllers.PlantController.Index (FunFox.PortalSystem)'
2024-02-03 00:06:27.779 +05:00 [INF] Route matched with {action = "Index", controller = "Plant", page = "", area = ""}. Executing controller action with signature System.Threading.Tasks.Task`1[Microsoft.AspNetCore.Mvc.ActionResult] Index() on controller FunFox.PortalSystem.Controllers.PlantController (FunFox.PortalSystem).
2024-02-03 00:06:27.792 +05:00 [INF] Entity Framework Core 6.0.9 initialized 'ApplicationDbContext' using provider 'Microsoft.EntityFrameworkCore.SqlServer:6.0.9' with options: QuerySplittingBehavior=SplitQuery 
2024-02-03 00:06:27.808 +05:00 [INF] Executed DbCommand (3ms) [Parameters=[], CommandType='"Text"', CommandTimeout='30']
SELECT [a].[Id], [a].[Category], [a].[Code], [a].[CommonName], [a].[ImportedOn], [a].[LatinName]
FROM [AllPlants] AS [a]
2024-02-03 00:06:27.824 +05:00 [INF] Executed DbCommand (2ms) [Parameters=[], CommandType='"Text"', CommandTimeout='30']
SELECT [a].[Id], [a].[Category], [a].[Code], [a].[CommonName], [a].[ImportedOn], [a].[LatinName]
FROM [AllPlants] AS [a]
2024-02-03 00:06:27.835 +05:00 [INF] Executing ViewResult, running view Index.
2024-02-03 00:06:27.852 +05:00 [INF] Executed DbCommand (4ms) [Parameters=[@__normalizedUserName_0='?' (Size = 256)], CommandType='"Text"', CommandTimeout='30']
SELECT TOP(1) [a].[Id], [a].[AccessFailedCount], [a].[ConcurrencyStamp], [a].[Email], [a].[EmailConfirmed], [a].[FirstName], [a].[LastName], [a].[LockoutEnabled], [a].[LockoutEnd], [a].[NormalizedEmail], [a].[NormalizedUserName], [a].[PasswordHash], [a].[PhoneNumber], [a].[PhoneNumberConfirmed], [a].[SecurityStamp], [a].[TwoFactorEnabled], [a].[UserName]
FROM [AspNetUsers] AS [a]
WHERE [a].[NormalizedUserName] = @__normalizedUserName_0
2024-02-03 00:06:27.867 +05:00 [INF] Executed ViewResult - view Index executed in 32.8424ms.
2024-02-03 00:06:27.875 +05:00 [INF] Executed action FunFox.PortalSystem.Controllers.PlantController.Index (FunFox.PortalSystem) in 84.101ms
2024-02-03 00:06:27.884 +05:00 [INF] Executed endpoint 'FunFox.PortalSystem.Controllers.PlantController.Index (FunFox.PortalSystem)'
2024-02-03 00:06:27.895 +05:00 [INF] HTTP GET /Plant/Index responded 200 in 125.0947 ms
2024-02-03 00:06:27.913 +05:00 [INF] Request starting HTTP/2 GET https://localhost:7154/css/StyleNew/StyleNew.css - -
2024-02-03 00:06:27.919 +05:00 [INF] Request starting HTTP/2 GET https://localhost:7154/_vs/browserLink - -
2024-02-03 00:06:27.932 +05:00 [INF] Request finished HTTP/2 GET https://localhost:7154/Plant/Index - - - 200 - text/html;+charset=utf-8 171.9322ms
2024-02-03 00:06:27.937 +05:00 [INF] HTTP GET /css/StyleNew/StyleNew.css responded 404 in 2.9659 ms
2024-02-03 00:06:27.915 +05:00 [INF] Request starting HTTP/2 GET https://localhost:7154/_framework/aspnetcore-browser-refresh.js - -
2024-02-03 00:06:27.958 +05:00 [INF] Request finished HTTP/2 GET https://localhost:7154/css/StyleNew/StyleNew.css - - - 404 0 - 44.9122ms
2024-02-03 00:06:27.964 +05:00 [INF] Request finished HTTP/2 GET https://localhost:7154/_framework/aspnetcore-browser-refresh.js - - - 200 13794 application/javascript;+charset=utf-8 48.7243ms
2024-02-03 00:06:27.970 +05:00 [INF] Request finished HTTP/2 GET https://localhost:7154/_vs/browserLink - - - 200 - text/javascript;+charset=UTF-8 53.6215ms
2024-02-03 00:06:28.069 +05:00 [INF] Request starting HTTP/2 GET https://localhost:7154/lib/blueimp-gallery/js/popper.min.js.map - -
2024-02-03 00:06:28.076 +05:00 [INF] HTTP GET /lib/blueimp-gallery/js/popper.min.js.map responded 404 in 0.7277 ms
2024-02-03 00:06:28.083 +05:00 [INF] Request finished HTTP/2 GET https://localhost:7154/lib/blueimp-gallery/js/popper.min.js.map - - - 404 0 - 14.6022ms
2024-02-03 00:06:28.098 +05:00 [INF] Request starting HTTP/2 GET https://localhost:7154/lib/Popper/popper.min.js.map - -
2024-02-03 00:06:28.104 +05:00 [INF] HTTP GET /lib/Popper/popper.min.js.map responded 404 in 0.8046 ms
2024-02-03 00:06:28.112 +05:00 [INF] Request finished HTTP/2 GET https://localhost:7154/lib/Popper/popper.min.js.map - - - 404 0 - 14.1523ms
2024-02-03 00:06:28.164 +05:00 [INF] Request starting HTTP/2 GET https://localhost:7154/lib/Popper/popper.min.js.map - -
2024-02-03 00:06:28.169 +05:00 [INF] HTTP GET /lib/Popper/popper.min.js.map responded 404 in 0.6956 ms
2024-02-03 00:06:28.177 +05:00 [INF] Request finished HTTP/2 GET https://localhost:7154/lib/Popper/popper.min.js.map - - - 404 0 - 13.6571ms
2024-02-03 00:06:28.268 +05:00 [INF] Request starting HTTP/2 GET https://localhost:7154/lib/dataTables/pdfmake.min.js.map - -
2024-02-03 00:06:28.287 +05:00 [INF] HTTP GET /lib/dataTables/pdfmake.min.js.map responded 404 in 1.0965 ms
2024-02-03 00:06:28.297 +05:00 [INF] Request finished HTTP/2 GET https://localhost:7154/lib/dataTables/pdfmake.min.js.map - - - 404 0 - 29.7889ms
